2018-11-09 23:04:52 Error: [Symfony\Component\Console\Exception\RuntimeException] Not enough arguments (missing: "name"). in /home/luis/development/php/malocas/vendor/symfony/console/Input/Input.php on line 76
Stack Trace:
#0 /home/luis/development/php/malocas/vendor/symfony/console/Command/Command.php(250): Symfony\Component\Console\Input\Input->validate()
#1 /home/luis/development/php/malocas/vendor/symfony/console/Application.php(946): Symfony\Component\Console\Command\Command->run(Object(Symfony\Component\Console\Input\ArgvInput), Object(Symfony\Component\Console\Output\ConsoleOutput))
#2 /home/luis/development/php/malocas/vendor/symfony/console/Application.php(248): Symfony\Component\Console\Application->doRunCommand(Object(Migrations\Command\Create), Object(Symfony\Component\Console\Input\ArgvInput), Object(Symfony\Component\Console\Output\ConsoleOutput))
#3 /home/luis/development/php/malocas/vendor/symfony/console/Application.php(148): Symfony\Component\Console\Application->doRun(Object(Symfony\Component\Console\Input\ArgvInput), Object(Symfony\Component\Console\Output\ConsoleOutput))
#4 /home/luis/development/php/malocas/vendor/cakephp/migrations/src/Shell/MigrationsShell.php(108): Symfony\Component\Console\Application->run(Object(Symfony\Component\Console\Input\ArgvInput), Object(Symfony\Component\Console\Output\ConsoleOutput))
#5 /home/luis/development/php/malocas/vendor/cakephp/cakephp/src/Console/Shell.php(532): Migrations\Shell\MigrationsShell->main('migrations', 'create')
#6 /home/luis/development/php/malocas/vendor/cakephp/migrations/src/Shell/MigrationsShell.php(164): Cake\Console\Shell->runCommand(Array, true, Array)
#7 /home/luis/development/php/malocas/vendor/cakephp/cakephp/src/Console/CommandRunner.php(342): Migrations\Shell\MigrationsShell->runCommand(Array, true)
#8 /home/luis/development/php/malocas/vendor/cakephp/cakephp/src/Console/CommandRunner.php(164): Cake\Console\CommandRunner->runShell(Object(Migrations\Shell\MigrationsShell), Array)
#9 /home/luis/development/php/malocas/bin/cake.php(12): Cake\Console\CommandRunner->run(Array)
#10 {main}


2018-11-09 18:58:18 Error: [Symfony\Component\Console\Exception\RuntimeException] Not enough arguments (missing: "name"). in /home/luis/development/php/malocas/vendor/symfony/console/Input/Input.php on line 76
Stack Trace:
#0 /home/luis/development/php/malocas/vendor/symfony/console/Command/Command.php(250): Symfony\Component\Console\Input\Input->validate()
#1 /home/luis/development/php/malocas/vendor/symfony/console/Application.php(946): Symfony\Component\Console\Command\Command->run(Object(Symfony\Component\Console\Input\ArgvInput), Object(Symfony\Component\Console\Output\ConsoleOutput))
#2 /home/luis/development/php/malocas/vendor/symfony/console/Application.php(248): Symfony\Component\Console\Application->doRunCommand(Object(Migrations\Command\Create), Object(Symfony\Component\Console\Input\ArgvInput), Object(Symfony\Component\Console\Output\ConsoleOutput))
#3 /home/luis/development/php/malocas/vendor/symfony/console/Application.php(148): Symfony\Component\Console\Application->doRun(Object(Symfony\Component\Console\Input\ArgvInput), Object(Symfony\Component\Console\Output\ConsoleOutput))
#4 /home/luis/development/php/malocas/vendor/cakephp/migrations/src/Shell/MigrationsShell.php(108): Symfony\Component\Console\Application->run(Object(Symfony\Component\Console\Input\ArgvInput), Object(Symfony\Component\Console\Output\ConsoleOutput))
#5 /home/luis/development/php/malocas/vendor/cakephp/cakephp/src/Console/Shell.php(532): Migrations\Shell\MigrationsShell->main('migrations', 'create')
#6 /home/luis/development/php/malocas/vendor/cakephp/migrations/src/Shell/MigrationsShell.php(164): Cake\Console\Shell->runCommand(Array, true, Array)
#7 /home/luis/development/php/malocas/vendor/cakephp/cakephp/src/Console/CommandRunner.php(342): Migrations\Shell\MigrationsShell->runCommand(Array, true)
#8 /home/luis/development/php/malocas/vendor/cakephp/cakephp/src/Console/CommandRunner.php(164): Cake\Console\CommandRunner->runShell(Object(Migrations\Shell\MigrationsShell), Array)
#9 /home/luis/development/php/malocas/bin/cake.php(12): Cake\Console\CommandRunner->run(Array)
#10 {main}


2018-11-09 18:59:56 Error: [Symfony\Component\Console\Exception\RuntimeException] Too many arguments, expected arguments "command" "name". in /home/luis/development/php/malocas/vendor/symfony/console/Input/ArgvInput.php on line 188
Stack Trace:
#0 /home/luis/development/php/malocas/vendor/symfony/console/Input/ArgvInput.php(86): Symfony\Component\Console\Input\ArgvInput->parseArgument('date:integer')
#1 /home/luis/development/php/malocas/vendor/symfony/console/Input/Input.php(55): Symfony\Component\Console\Input\ArgvInput->parse()
#2 /home/luis/development/php/malocas/vendor/symfony/console/Command/Command.php(214): Symfony\Component\Console\Input\Input->bind(Object(Symfony\Component\Console\Input\InputDefinition))
#3 /home/luis/development/php/malocas/vendor/symfony/console/Application.php(946): Symfony\Component\Console\Command\Command->run(Object(Symfony\Component\Console\Input\ArgvInput), Object(Symfony\Component\Console\Output\ConsoleOutput))
#4 /home/luis/development/php/malocas/vendor/symfony/console/Application.php(248): Symfony\Component\Console\Application->doRunCommand(Object(Migrations\Command\Create), Object(Symfony\Component\Console\Input\ArgvInput), Object(Symfony\Component\Console\Output\ConsoleOutput))
#5 /home/luis/development/php/malocas/vendor/symfony/console/Application.php(148): Symfony\Component\Console\Application->doRun(Object(Symfony\Component\Console\Input\ArgvInput), Object(Symfony\Component\Console\Output\ConsoleOutput))
#6 /home/luis/development/php/malocas/vendor/cakephp/migrations/src/Shell/MigrationsShell.php(108): Symfony\Component\Console\Application->run(Object(Symfony\Component\Console\Input\ArgvInput), Object(Symfony\Component\Console\Output\ConsoleOutput))
#7 /home/luis/development/php/malocas/vendor/cakephp/cakephp/src/Console/Shell.php(532): Migrations\Shell\MigrationsShell->main('migrations', 'create', 'AddDateToShifts', 'date:integer')
#8 /home/luis/development/php/malocas/vendor/cakephp/migrations/src/Shell/MigrationsShell.php(164): Cake\Console\Shell->runCommand(Array, true, Array)
#9 /home/luis/development/php/malocas/vendor/cakephp/cakephp/src/Console/CommandRunner.php(342): Migrations\Shell\MigrationsShell->runCommand(Array, true)
#10 /home/luis/development/php/malocas/vendor/cakephp/cakephp/src/Console/CommandRunner.php(164): Cake\Console\CommandRunner->runShell(Object(Migrations\Shell\MigrationsShell), Array)
#11 /home/luis/development/php/malocas/bin/cake.php(12): Cake\Console\CommandRunner->run(Array)
#12 {main}


2018-11-09 19:00:23 Error: [Symfony\Component\Console\Exception\CommandNotFoundException] Command "AddDateToShifts" is not defined. in /home/luis/development/php/malocas/vendor/symfony/console/Application.php on line 618
Stack Trace:
#0 /home/luis/development/php/malocas/vendor/symfony/console/Application.php(229): Symfony\Component\Console\Application->find('AddDateToShifts')
#1 /home/luis/development/php/malocas/vendor/symfony/console/Application.php(148): Symfony\Component\Console\Application->doRun(Object(Symfony\Component\Console\Input\ArgvInput), Object(Symfony\Component\Console\Output\ConsoleOutput))
#2 /home/luis/development/php/malocas/vendor/cakephp/migrations/src/Shell/MigrationsShell.php(108): Symfony\Component\Console\Application->run(Object(Symfony\Component\Console\Input\ArgvInput), Object(Symfony\Component\Console\Output\ConsoleOutput))
#3 /home/luis/development/php/malocas/vendor/cakephp/cakephp/src/Console/Shell.php(532): Migrations\Shell\MigrationsShell->main('migrations', 'AddDateToShifts', 'date:integer')
#4 /home/luis/development/php/malocas/vendor/cakephp/migrations/src/Shell/MigrationsShell.php(164): Cake\Console\Shell->runCommand(Array, true, Array)
#5 /home/luis/development/php/malocas/vendor/cakephp/cakephp/src/Console/CommandRunner.php(342): Migrations\Shell\MigrationsShell->runCommand(Array, true)
#6 /home/luis/development/php/malocas/vendor/cakephp/cakephp/src/Console/CommandRunner.php(164): Cake\Console\CommandRunner->runShell(Object(Migrations\Shell\MigrationsShell), Array)
#7 /home/luis/development/php/malocas/bin/cake.php(12): Cake\Console\CommandRunner->run(Array)
#8 {main}


2018-11-09 19:00:55 Error: [RuntimeException] Unknown command `cake migration`. Run `cake --help` to get the list of valid commands. in /home/luis/development/php/malocas/vendor/cakephp/cakephp/src/Console/CommandRunner.php on line 321
Stack Trace:
#0 /home/luis/development/php/malocas/vendor/cakephp/cakephp/src/Console/CommandRunner.php(159): Cake\Console\CommandRunner->resolveName(Object(Cake\Console\CommandCollection), Object(Cake\Console\ConsoleIo), 'migration')
#1 /home/luis/development/php/malocas/bin/cake.php(12): Cake\Console\CommandRunner->run(Array)
#2 {main}


2018-11-09 19:51:34 Error: [Cake\Database\Exception] SQLSTATE[42S02]: Base table or view not found: 1146 Table 'malocas.employee' doesn't exist in /home/luis/development/php/malocas/vendor/cakephp/cakephp/src/Database/Schema/Collection.php on line 131
Stack Trace:
#0 /home/luis/development/php/malocas/vendor/cakephp/cakephp/src/Database/Schema/Collection.php(97): Cake\Database\Schema\Collection->_reflect('Column', 'employee', Array, Object(Cake\Database\Schema\TableSchema))
#1 /home/luis/development/php/malocas/vendor/cakephp/cakephp/src/Database/Schema/CachedCollection.php(63): Cake\Database\Schema\Collection->describe('employee', Array)
#2 /home/luis/development/php/malocas/vendor/cakephp/cakephp/src/ORM/Table.php(555): Cake\Database\Schema\CachedCollection->describe('employee')
#3 /home/luis/development/php/malocas/vendor/cakephp/cakephp/src/ORM/Table.php(680): Cake\ORM\Table->getSchema()
#4 /home/luis/development/php/malocas/vendor/cakephp/bake/src/Shell/Task/TemplateTask.php(288): Cake\ORM\Table->getPrimaryKey()
#5 /home/luis/development/php/malocas/vendor/cakephp/bake/src/Shell/Task/TemplateTask.php(142): Bake\Shell\Task\TemplateTask->_loadController()
#6 /home/luis/development/php/malocas/vendor/cakephp/cakephp/src/Console/Shell.php(532): Bake\Shell\Task\TemplateTask->main('Employee')
#7 /home/luis/development/php/malocas/vendor/cakephp/cakephp/src/Console/Shell.php(525): Cake\Console\Shell->runCommand(Array, false, Array)
#8 /home/luis/development/php/malocas/vendor/cakephp/cakephp/src/Console/CommandRunner.php(342): Cake\Console\Shell->runCommand(Array, true)
#9 /home/luis/development/php/malocas/vendor/cakephp/cakephp/src/Console/CommandRunner.php(164): Cake\Console\CommandRunner->runShell(Object(Bake\Shell\BakeShell), Array)
#10 /home/luis/development/php/malocas/bin/cake.php(12): Cake\Console\CommandRunner->run(Array)
#11 {main}


2018-11-09 19:51:39 Error: [Cake\Database\Exception] SQLSTATE[42S02]: Base table or view not found: 1146 Table 'malocas.employe' doesn't exist in /home/luis/development/php/malocas/vendor/cakephp/cakephp/src/Database/Schema/Collection.php on line 131
Stack Trace:
#0 /home/luis/development/php/malocas/vendor/cakephp/cakephp/src/Database/Schema/Collection.php(97): Cake\Database\Schema\Collection->_reflect('Column', 'employe', Array, Object(Cake\Database\Schema\TableSchema))
#1 /home/luis/development/php/malocas/vendor/cakephp/cakephp/src/Database/Schema/CachedCollection.php(63): Cake\Database\Schema\Collection->describe('employe', Array)
#2 /home/luis/development/php/malocas/vendor/cakephp/cakephp/src/ORM/Table.php(555): Cake\Database\Schema\CachedCollection->describe('employe')
#3 /home/luis/development/php/malocas/vendor/cakephp/cakephp/src/ORM/Table.php(680): Cake\ORM\Table->getSchema()
#4 /home/luis/development/php/malocas/vendor/cakephp/bake/src/Shell/Task/TemplateTask.php(288): Cake\ORM\Table->getPrimaryKey()
#5 /home/luis/development/php/malocas/vendor/cakephp/bake/src/Shell/Task/TemplateTask.php(142): Bake\Shell\Task\TemplateTask->_loadController()
#6 /home/luis/development/php/malocas/vendor/cakephp/cakephp/src/Console/Shell.php(532): Bake\Shell\Task\TemplateTask->main('Employe')
#7 /home/luis/development/php/malocas/vendor/cakephp/cakephp/src/Console/Shell.php(525): Cake\Console\Shell->runCommand(Array, false, Array)
#8 /home/luis/development/php/malocas/vendor/cakephp/cakephp/src/Console/CommandRunner.php(342): Cake\Console\Shell->runCommand(Array, true)
#9 /home/luis/development/php/malocas/vendor/cakephp/cakephp/src/Console/CommandRunner.php(164): Cake\Console\CommandRunner->runShell(Object(Bake\Shell\BakeShell), Array)
#10 /home/luis/development/php/malocas/bin/cake.php(12): Cake\Console\CommandRunner->run(Array)
#11 {main}


