2018-11-09 22:48:06 Warning: DebugKit is disabling itself as your host `malocas.co` is not in the known safe list of top-level-domains (localhost, dev, invalid, test, example, local). If you would like to force DebugKit on use the `DebugKit.forceEnable` Configure option.
2018-11-09 22:50:36 Warning: DebugKit is disabling itself as your host `malocas.co` is not in the known safe list of top-level-domains (localhost, dev, invalid, test, example, local). If you would like to force DebugKit on use the `DebugKit.forceEnable` Configure option.
2018-11-09 22:51:11 Warning: DebugKit is disabling itself as your host `malocas.co` is not in the known safe list of top-level-domains (localhost, dev, invalid, test, example, local). If you would like to force DebugKit on use the `DebugKit.forceEnable` Configure option.
2018-11-09 22:51:17 Warning: DebugKit is disabling itself as your host `malocas.co` is not in the known safe list of top-level-domains (localhost, dev, invalid, test, example, local). If you would like to force DebugKit on use the `DebugKit.forceEnable` Configure option.
2018-11-09 22:51:18 Warning: DebugKit is disabling itself as your host `malocas.co` is not in the known safe list of top-level-domains (localhost, dev, invalid, test, example, local). If you would like to force DebugKit on use the `DebugKit.forceEnable` Configure option.
2018-11-09 22:51:18 Warning: DebugKit is disabling itself as your host `malocas.co` is not in the known safe list of top-level-domains (localhost, dev, invalid, test, example, local). If you would like to force DebugKit on use the `DebugKit.forceEnable` Configure option.
2018-11-09 22:51:19 Warning: DebugKit is disabling itself as your host `malocas.co` is not in the known safe list of top-level-domains (localhost, dev, invalid, test, example, local). If you would like to force DebugKit on use the `DebugKit.forceEnable` Configure option.
2018-11-09 22:51:27 Warning: DebugKit is disabling itself as your host `malocas.co` is not in the known safe list of top-level-domains (localhost, dev, invalid, test, example, local). If you would like to force DebugKit on use the `DebugKit.forceEnable` Configure option.
2018-11-09 22:51:31 Warning: DebugKit is disabling itself as your host `malocas.co` is not in the known safe list of top-level-domains (localhost, dev, invalid, test, example, local). If you would like to force DebugKit on use the `DebugKit.forceEnable` Configure option.
2018-11-09 22:51:41 Warning: DebugKit is disabling itself as your host `malocas.co` is not in the known safe list of top-level-domains (localhost, dev, invalid, test, example, local). If you would like to force DebugKit on use the `DebugKit.forceEnable` Configure option.
2018-11-09 23:28:45 Warning: DebugKit is disabling itself as your host `malocas.co` is not in the known safe list of top-level-domains (localhost, dev, invalid, test, example, local). If you would like to force DebugKit on use the `DebugKit.forceEnable` Configure option.
2018-11-09 23:28:52 Warning: DebugKit is disabling itself as your host `malocas.co` is not in the known safe list of top-level-domains (localhost, dev, invalid, test, example, local). If you would like to force DebugKit on use the `DebugKit.forceEnable` Configure option.
2018-11-09 23:29:40 Warning: DebugKit is disabling itself as your host `malocas.co` is not in the known safe list of top-level-domains (localhost, dev, invalid, test, example, local). If you would like to force DebugKit on use the `DebugKit.forceEnable` Configure option.
2018-11-09 23:29:40 Warning: DebugKit is disabling itself as your host `malocas.co` is not in the known safe list of top-level-domains (localhost, dev, invalid, test, example, local). If you would like to force DebugKit on use the `DebugKit.forceEnable` Configure option.
2018-11-09 23:29:45 Warning: DebugKit is disabling itself as your host `malocas.co` is not in the known safe list of top-level-domains (localhost, dev, invalid, test, example, local). If you would like to force DebugKit on use the `DebugKit.forceEnable` Configure option.
2018-11-09 23:30:14 Warning: DebugKit is disabling itself as your host `malocas.co` is not in the known safe list of top-level-domains (localhost, dev, invalid, test, example, local). If you would like to force DebugKit on use the `DebugKit.forceEnable` Configure option.
2018-11-09 23:30:16 Warning: DebugKit is disabling itself as your host `malocas.co` is not in the known safe list of top-level-domains (localhost, dev, invalid, test, example, local). If you would like to force DebugKit on use the `DebugKit.forceEnable` Configure option.
2018-11-09 23:31:52 Warning: DebugKit is disabling itself as your host `malocas.co` is not in the known safe list of top-level-domains (localhost, dev, invalid, test, example, local). If you would like to force DebugKit on use the `DebugKit.forceEnable` Configure option.
2018-11-09 23:35:46 Warning: DebugKit is disabling itself as your host `malocas.co` is not in the known safe list of top-level-domains (localhost, dev, invalid, test, example, local). If you would like to force DebugKit on use the `DebugKit.forceEnable` Configure option.
2018-11-09 23:37:31 Warning: DebugKit is disabling itself as your host `malocas.co` is not in the known safe list of top-level-domains (localhost, dev, invalid, test, example, local). If you would like to force DebugKit on use the `DebugKit.forceEnable` Configure option.
2018-11-09 23:38:29 Warning: DebugKit is disabling itself as your host `malocas.co` is not in the known safe list of top-level-domains (localhost, dev, invalid, test, example, local). If you would like to force DebugKit on use the `DebugKit.forceEnable` Configure option.
2018-11-09 23:41:29 Warning: DebugKit is disabling itself as your host `malocas.co` is not in the known safe list of top-level-domains (localhost, dev, invalid, test, example, local). If you would like to force DebugKit on use the `DebugKit.forceEnable` Configure option.
2018-11-09 23:45:52 Warning: DebugKit is disabling itself as your host `malocas.co` is not in the known safe list of top-level-domains (localhost, dev, invalid, test, example, local). If you would like to force DebugKit on use the `DebugKit.forceEnable` Configure option.
2018-11-09 18:49:36 Warning: DebugKit is disabling itself as your host `malocas.co` is not in the known safe list of top-level-domains (localhost, dev, invalid, test, example, local). If you would like to force DebugKit on use the `DebugKit.forceEnable` Configure option.
2018-11-09 18:49:41 Warning: DebugKit is disabling itself as your host `malocas.co` is not in the known safe list of top-level-domains (localhost, dev, invalid, test, example, local). If you would like to force DebugKit on use the `DebugKit.forceEnable` Configure option.
2018-11-09 18:50:56 Warning: DebugKit is disabling itself as your host `malocas.co` is not in the known safe list of top-level-domains (localhost, dev, invalid, test, example, local). If you would like to force DebugKit on use the `DebugKit.forceEnable` Configure option.
2018-11-09 18:53:38 Warning: DebugKit is disabling itself as your host `malocas.co` is not in the known safe list of top-level-domains (localhost, dev, invalid, test, example, local). If you would like to force DebugKit on use the `DebugKit.forceEnable` Configure option.
2018-11-09 18:54:44 Warning: DebugKit is disabling itself as your host `malocas.co` is not in the known safe list of top-level-domains (localhost, dev, invalid, test, example, local). If you would like to force DebugKit on use the `DebugKit.forceEnable` Configure option.
2018-11-09 18:55:15 Warning: DebugKit is disabling itself as your host `malocas.co` is not in the known safe list of top-level-domains (localhost, dev, invalid, test, example, local). If you would like to force DebugKit on use the `DebugKit.forceEnable` Configure option.
2018-11-09 19:05:41 Warning: DebugKit is disabling itself as your host `malocas.co` is not in the known safe list of top-level-domains (localhost, dev, invalid, test, example, local). If you would like to force DebugKit on use the `DebugKit.forceEnable` Configure option.
2018-11-09 19:08:50 Warning: DebugKit is disabling itself as your host `malocas.co` is not in the known safe list of top-level-domains (localhost, dev, invalid, test, example, local). If you would like to force DebugKit on use the `DebugKit.forceEnable` Configure option.
2018-11-09 19:08:50 Error: [PDOException] SQLSTATE[42000]: Syntax error or access violation: 1064 You have an error in your SQL syntax; check the manual that corresponds to your MySQL server version for the right syntax to use near 'range, hours, month, year, date) VALUES ('monday', '6-2', 8, 'November', 2018, 9' at line 1
Request URL: /shifts/add
Referer URL: http://malocas.co/shifts/add
Stack Trace:
#0 /home/luis/development/php/malocas/vendor/cakephp/cakephp/src/Database/Statement/MysqlStatement.php(39): PDOStatement->execute(NULL)
#1 /home/luis/development/php/malocas/vendor/cakephp/cakephp/src/Database/Connection.php(334): Cake\Database\Statement\MysqlStatement->execute()
#2 /home/luis/development/php/malocas/vendor/cakephp/cakephp/src/Core/Retry/CommandRetry.php(68): Cake\Database\Connection->Cake\Database\{closure}()
#3 /home/luis/development/php/malocas/vendor/cakephp/cakephp/src/Database/Connection.php(337): Cake\Core\Retry\CommandRetry->run(Object(Closure))
#4 /home/luis/development/php/malocas/vendor/cakephp/cakephp/src/Database/Query.php(219): Cake\Database\Connection->run(Object(Cake\ORM\Query))
#5 /home/luis/development/php/malocas/vendor/cakephp/cakephp/src/ORM/Table.php(2114): Cake\Database\Query->execute()
#6 /home/luis/development/php/malocas/vendor/cakephp/cakephp/src/ORM/Table.php(2008): Cake\ORM\Table->_insert(Object(App\Model\Entity\Shift), Array)
#7 /home/luis/development/php/malocas/vendor/cakephp/cakephp/src/ORM/Table.php(1921): Cake\ORM\Table->_processSave(Object(App\Model\Entity\Shift), Object(ArrayObject))
#8 /home/luis/development/php/malocas/vendor/cakephp/cakephp/src/ORM/Table.php(1634): Cake\ORM\Table->Cake\ORM\{closure}()
#9 /home/luis/development/php/malocas/vendor/cakephp/cakephp/src/Database/Connection.php(726): Cake\ORM\Table->Cake\ORM\{closure}(Object(Cake\Database\Connection))
#10 /home/luis/development/php/malocas/vendor/cakephp/cakephp/src/ORM/Table.php(1635): Cake\Database\Connection->transactional(Object(Closure))
#11 /home/luis/development/php/malocas/vendor/cakephp/cakephp/src/ORM/Table.php(1922): Cake\ORM\Table->_executeTransaction(Object(Closure), true)
#12 /home/luis/development/php/malocas/src/Controller/ShiftsController.php(54): Cake\ORM\Table->save(Object(App\Model\Entity\Shift))
#13 /home/luis/development/php/malocas/vendor/cakephp/cakephp/src/Controller/Controller.php(609): App\Controller\ShiftsController->add()
#14 /home/luis/development/php/malocas/vendor/cakephp/cakephp/src/Http/ActionDispatcher.php(120): Cake\Controller\Controller->invokeAction()
#15 /home/luis/development/php/malocas/vendor/cakephp/cakephp/src/Http/ActionDispatcher.php(94): Cake\Http\ActionDispatcher->_invoke(Object(App\Controller\ShiftsController))
#16 /home/luis/development/php/malocas/vendor/cakephp/cakephp/src/Http/BaseApplication.php(235): Cake\Http\ActionDispatcher->dispatch(Object(Cake\Http\ServerRequest), Object(Cake\Http\Response))
#17 /home/luis/development/php/malocas/vendor/cakephp/cakephp/src/Http/Runner.php(65): Cake\Http\BaseApplication->__invoke(Object(Cake\Http\ServerRequest), Object(Cake\Http\Response), Object(Cake\Http\Runner))
#18 /home/luis/development/php/malocas/vendor/cakephp/cakephp/src/Http/Middleware/CsrfProtectionMiddleware.php(107): Cake\Http\Runner->__invoke(Object(Cake\Http\ServerRequest), Object(Cake\Http\Response))
#19 /home/luis/development/php/malocas/vendor/cakephp/cakephp/src/Http/Runner.php(65): Cake\Http\Middleware\CsrfProtectionMiddleware->__invoke(Object(Cake\Http\ServerRequest), Object(Cake\Http\Response), Object(Cake\Http\Runner))
#20 /home/luis/development/php/malocas/vendor/cakephp/cakephp/src/Routing/Middleware/RoutingMiddleware.php(156): Cake\Http\Runner->__invoke(Object(Cake\Http\ServerRequest), Object(Cake\Http\Response))
#21 /home/luis/development/php/malocas/vendor/cakephp/cakephp/src/Http/Runner.php(65): Cake\Routing\Middleware\RoutingMiddleware->__invoke(Object(Cake\Http\ServerRequest), Object(Cake\Http\Response), Object(Cake\Http\Runner))
#22 /home/luis/development/php/malocas/vendor/cakephp/cakephp/src/Routing/Middleware/AssetMiddleware.php(88): Cake\Http\Runner->__invoke(Object(Cake\Http\ServerRequest), Object(Cake\Http\Response))
#23 /home/luis/development/php/malocas/vendor/cakephp/cakephp/src/Http/Runner.php(65): Cake\Routing\Middleware\AssetMiddleware->__invoke(Object(Cake\Http\ServerRequest), Object(Cake\Http\Response), Object(Cake\Http\Runner))
#24 /home/luis/development/php/malocas/vendor/cakephp/cakephp/src/Error/Middleware/ErrorHandlerMiddleware.php(98): Cake\Http\Runner->__invoke(Object(Cake\Http\ServerRequest), Object(Cake\Http\Response))
#25 /home/luis/development/php/malocas/vendor/cakephp/cakephp/src/Http/Runner.php(65): Cake\Error\Middleware\ErrorHandlerMiddleware->__invoke(Object(Cake\Http\ServerRequest), Object(Cake\Http\Response), Object(Cake\Http\Runner))
#26 /home/luis/development/php/malocas/vendor/cakephp/cakephp/src/Http/Runner.php(51): Cake\Http\Runner->__invoke(Object(Cake\Http\ServerRequest), Object(Cake\Http\Response))
#27 /home/luis/development/php/malocas/vendor/cakephp/cakephp/src/Http/Server.php(98): Cake\Http\Runner->run(Object(Cake\Http\MiddlewareQueue), Object(Cake\Http\ServerRequest), Object(Cake\Http\Response))
#28 /home/luis/development/php/malocas/webroot/index.php(40): Cake\Http\Server->run()
#29 {main}


2018-11-09 19:15:05 Warning: DebugKit is disabling itself as your host `malocas.co` is not in the known safe list of top-level-domains (localhost, dev, invalid, test, example, local). If you would like to force DebugKit on use the `DebugKit.forceEnable` Configure option.
2018-11-09 19:15:08 Warning: DebugKit is disabling itself as your host `malocas.co` is not in the known safe list of top-level-domains (localhost, dev, invalid, test, example, local). If you would like to force DebugKit on use the `DebugKit.forceEnable` Configure option.
2018-11-09 19:15:13 Warning: DebugKit is disabling itself as your host `malocas.co` is not in the known safe list of top-level-domains (localhost, dev, invalid, test, example, local). If you would like to force DebugKit on use the `DebugKit.forceEnable` Configure option.
2018-11-09 19:15:14 Error: [PDOException] SQLSTATE[42000]: Syntax error or access violation: 1064 You have an error in your SQL syntax; check the manual that corresponds to your MySQL server version for the right syntax to use near 'range, hours, month, year, date_) VALUES ('monday', '6-2', 8, 'November', 2018, ' at line 1
Request URL: /shifts/add
Referer URL: http://malocas.co/shifts/add
Stack Trace:
#0 /home/luis/development/php/malocas/vendor/cakephp/cakephp/src/Database/Statement/MysqlStatement.php(39): PDOStatement->execute(NULL)
#1 /home/luis/development/php/malocas/vendor/cakephp/cakephp/src/Database/Connection.php(334): Cake\Database\Statement\MysqlStatement->execute()
#2 /home/luis/development/php/malocas/vendor/cakephp/cakephp/src/Core/Retry/CommandRetry.php(68): Cake\Database\Connection->Cake\Database\{closure}()
#3 /home/luis/development/php/malocas/vendor/cakephp/cakephp/src/Database/Connection.php(337): Cake\Core\Retry\CommandRetry->run(Object(Closure))
#4 /home/luis/development/php/malocas/vendor/cakephp/cakephp/src/Database/Query.php(219): Cake\Database\Connection->run(Object(Cake\ORM\Query))
#5 /home/luis/development/php/malocas/vendor/cakephp/cakephp/src/ORM/Table.php(2114): Cake\Database\Query->execute()
#6 /home/luis/development/php/malocas/vendor/cakephp/cakephp/src/ORM/Table.php(2008): Cake\ORM\Table->_insert(Object(App\Model\Entity\Shift), Array)
#7 /home/luis/development/php/malocas/vendor/cakephp/cakephp/src/ORM/Table.php(1921): Cake\ORM\Table->_processSave(Object(App\Model\Entity\Shift), Object(ArrayObject))
#8 /home/luis/development/php/malocas/vendor/cakephp/cakephp/src/ORM/Table.php(1634): Cake\ORM\Table->Cake\ORM\{closure}()
#9 /home/luis/development/php/malocas/vendor/cakephp/cakephp/src/Database/Connection.php(726): Cake\ORM\Table->Cake\ORM\{closure}(Object(Cake\Database\Connection))
#10 /home/luis/development/php/malocas/vendor/cakephp/cakephp/src/ORM/Table.php(1635): Cake\Database\Connection->transactional(Object(Closure))
#11 /home/luis/development/php/malocas/vendor/cakephp/cakephp/src/ORM/Table.php(1922): Cake\ORM\Table->_executeTransaction(Object(Closure), true)
#12 /home/luis/development/php/malocas/src/Controller/ShiftsController.php(54): Cake\ORM\Table->save(Object(App\Model\Entity\Shift))
#13 /home/luis/development/php/malocas/vendor/cakephp/cakephp/src/Controller/Controller.php(609): App\Controller\ShiftsController->add()
#14 /home/luis/development/php/malocas/vendor/cakephp/cakephp/src/Http/ActionDispatcher.php(120): Cake\Controller\Controller->invokeAction()
#15 /home/luis/development/php/malocas/vendor/cakephp/cakephp/src/Http/ActionDispatcher.php(94): Cake\Http\ActionDispatcher->_invoke(Object(App\Controller\ShiftsController))
#16 /home/luis/development/php/malocas/vendor/cakephp/cakephp/src/Http/BaseApplication.php(235): Cake\Http\ActionDispatcher->dispatch(Object(Cake\Http\ServerRequest), Object(Cake\Http\Response))
#17 /home/luis/development/php/malocas/vendor/cakephp/cakephp/src/Http/Runner.php(65): Cake\Http\BaseApplication->__invoke(Object(Cake\Http\ServerRequest), Object(Cake\Http\Response), Object(Cake\Http\Runner))
#18 /home/luis/development/php/malocas/vendor/cakephp/cakephp/src/Http/Middleware/CsrfProtectionMiddleware.php(107): Cake\Http\Runner->__invoke(Object(Cake\Http\ServerRequest), Object(Cake\Http\Response))
#19 /home/luis/development/php/malocas/vendor/cakephp/cakephp/src/Http/Runner.php(65): Cake\Http\Middleware\CsrfProtectionMiddleware->__invoke(Object(Cake\Http\ServerRequest), Object(Cake\Http\Response), Object(Cake\Http\Runner))
#20 /home/luis/development/php/malocas/vendor/cakephp/cakephp/src/Routing/Middleware/RoutingMiddleware.php(156): Cake\Http\Runner->__invoke(Object(Cake\Http\ServerRequest), Object(Cake\Http\Response))
#21 /home/luis/development/php/malocas/vendor/cakephp/cakephp/src/Http/Runner.php(65): Cake\Routing\Middleware\RoutingMiddleware->__invoke(Object(Cake\Http\ServerRequest), Object(Cake\Http\Response), Object(Cake\Http\Runner))
#22 /home/luis/development/php/malocas/vendor/cakephp/cakephp/src/Routing/Middleware/AssetMiddleware.php(88): Cake\Http\Runner->__invoke(Object(Cake\Http\ServerRequest), Object(Cake\Http\Response))
#23 /home/luis/development/php/malocas/vendor/cakephp/cakephp/src/Http/Runner.php(65): Cake\Routing\Middleware\AssetMiddleware->__invoke(Object(Cake\Http\ServerRequest), Object(Cake\Http\Response), Object(Cake\Http\Runner))
#24 /home/luis/development/php/malocas/vendor/cakephp/cakephp/src/Error/Middleware/ErrorHandlerMiddleware.php(98): Cake\Http\Runner->__invoke(Object(Cake\Http\ServerRequest), Object(Cake\Http\Response))
#25 /home/luis/development/php/malocas/vendor/cakephp/cakephp/src/Http/Runner.php(65): Cake\Error\Middleware\ErrorHandlerMiddleware->__invoke(Object(Cake\Http\ServerRequest), Object(Cake\Http\Response), Object(Cake\Http\Runner))
#26 /home/luis/development/php/malocas/vendor/cakephp/cakephp/src/Http/Runner.php(51): Cake\Http\Runner->__invoke(Object(Cake\Http\ServerRequest), Object(Cake\Http\Response))
#27 /home/luis/development/php/malocas/vendor/cakephp/cakephp/src/Http/Server.php(98): Cake\Http\Runner->run(Object(Cake\Http\MiddlewareQueue), Object(Cake\Http\ServerRequest), Object(Cake\Http\Response))
#28 /home/luis/development/php/malocas/webroot/index.php(40): Cake\Http\Server->run()
#29 {main}


2018-11-09 19:18:15 Warning: DebugKit is disabling itself as your host `malocas.co` is not in the known safe list of top-level-domains (localhost, dev, invalid, test, example, local). If you would like to force DebugKit on use the `DebugKit.forceEnable` Configure option.
2018-11-09 19:18:19 Warning: DebugKit is disabling itself as your host `malocas.co` is not in the known safe list of top-level-domains (localhost, dev, invalid, test, example, local). If you would like to force DebugKit on use the `DebugKit.forceEnable` Configure option.
2018-11-09 19:18:19 Error: [PDOException] SQLSTATE[42000]: Syntax error or access violation: 1064 You have an error in your SQL syntax; check the manual that corresponds to your MySQL server version for the right syntax to use near 'range, hours, month, year, date_) VALUES ('monday', '6-2', 8, 'November', 2018, ' at line 1
Request URL: /shifts/add
Referer URL: http://malocas.co/shifts/add
Stack Trace:
#0 /home/luis/development/php/malocas/vendor/cakephp/cakephp/src/Database/Statement/MysqlStatement.php(39): PDOStatement->execute(NULL)
#1 /home/luis/development/php/malocas/vendor/cakephp/cakephp/src/Database/Connection.php(334): Cake\Database\Statement\MysqlStatement->execute()
#2 /home/luis/development/php/malocas/vendor/cakephp/cakephp/src/Core/Retry/CommandRetry.php(68): Cake\Database\Connection->Cake\Database\{closure}()
#3 /home/luis/development/php/malocas/vendor/cakephp/cakephp/src/Database/Connection.php(337): Cake\Core\Retry\CommandRetry->run(Object(Closure))
#4 /home/luis/development/php/malocas/vendor/cakephp/cakephp/src/Database/Query.php(219): Cake\Database\Connection->run(Object(Cake\ORM\Query))
#5 /home/luis/development/php/malocas/vendor/cakephp/cakephp/src/ORM/Table.php(2114): Cake\Database\Query->execute()
#6 /home/luis/development/php/malocas/vendor/cakephp/cakephp/src/ORM/Table.php(2008): Cake\ORM\Table->_insert(Object(App\Model\Entity\Shift), Array)
#7 /home/luis/development/php/malocas/vendor/cakephp/cakephp/src/ORM/Table.php(1921): Cake\ORM\Table->_processSave(Object(App\Model\Entity\Shift), Object(ArrayObject))
#8 /home/luis/development/php/malocas/vendor/cakephp/cakephp/src/ORM/Table.php(1634): Cake\ORM\Table->Cake\ORM\{closure}()
#9 /home/luis/development/php/malocas/vendor/cakephp/cakephp/src/Database/Connection.php(726): Cake\ORM\Table->Cake\ORM\{closure}(Object(Cake\Database\Connection))
#10 /home/luis/development/php/malocas/vendor/cakephp/cakephp/src/ORM/Table.php(1635): Cake\Database\Connection->transactional(Object(Closure))
#11 /home/luis/development/php/malocas/vendor/cakephp/cakephp/src/ORM/Table.php(1922): Cake\ORM\Table->_executeTransaction(Object(Closure), true)
#12 /home/luis/development/php/malocas/src/Controller/ShiftsController.php(54): Cake\ORM\Table->save(Object(App\Model\Entity\Shift))
#13 /home/luis/development/php/malocas/vendor/cakephp/cakephp/src/Controller/Controller.php(609): App\Controller\ShiftsController->add()
#14 /home/luis/development/php/malocas/vendor/cakephp/cakephp/src/Http/ActionDispatcher.php(120): Cake\Controller\Controller->invokeAction()
#15 /home/luis/development/php/malocas/vendor/cakephp/cakephp/src/Http/ActionDispatcher.php(94): Cake\Http\ActionDispatcher->_invoke(Object(App\Controller\ShiftsController))
#16 /home/luis/development/php/malocas/vendor/cakephp/cakephp/src/Http/BaseApplication.php(235): Cake\Http\ActionDispatcher->dispatch(Object(Cake\Http\ServerRequest), Object(Cake\Http\Response))
#17 /home/luis/development/php/malocas/vendor/cakephp/cakephp/src/Http/Runner.php(65): Cake\Http\BaseApplication->__invoke(Object(Cake\Http\ServerRequest), Object(Cake\Http\Response), Object(Cake\Http\Runner))
#18 /home/luis/development/php/malocas/vendor/cakephp/cakephp/src/Http/Middleware/CsrfProtectionMiddleware.php(107): Cake\Http\Runner->__invoke(Object(Cake\Http\ServerRequest), Object(Cake\Http\Response))
#19 /home/luis/development/php/malocas/vendor/cakephp/cakephp/src/Http/Runner.php(65): Cake\Http\Middleware\CsrfProtectionMiddleware->__invoke(Object(Cake\Http\ServerRequest), Object(Cake\Http\Response), Object(Cake\Http\Runner))
#20 /home/luis/development/php/malocas/vendor/cakephp/cakephp/src/Routing/Middleware/RoutingMiddleware.php(156): Cake\Http\Runner->__invoke(Object(Cake\Http\ServerRequest), Object(Cake\Http\Response))
#21 /home/luis/development/php/malocas/vendor/cakephp/cakephp/src/Http/Runner.php(65): Cake\Routing\Middleware\RoutingMiddleware->__invoke(Object(Cake\Http\ServerRequest), Object(Cake\Http\Response), Object(Cake\Http\Runner))
#22 /home/luis/development/php/malocas/vendor/cakephp/cakephp/src/Routing/Middleware/AssetMiddleware.php(88): Cake\Http\Runner->__invoke(Object(Cake\Http\ServerRequest), Object(Cake\Http\Response))
#23 /home/luis/development/php/malocas/vendor/cakephp/cakephp/src/Http/Runner.php(65): Cake\Routing\Middleware\AssetMiddleware->__invoke(Object(Cake\Http\ServerRequest), Object(Cake\Http\Response), Object(Cake\Http\Runner))
#24 /home/luis/development/php/malocas/vendor/cakephp/cakephp/src/Error/Middleware/ErrorHandlerMiddleware.php(98): Cake\Http\Runner->__invoke(Object(Cake\Http\ServerRequest), Object(Cake\Http\Response))
#25 /home/luis/development/php/malocas/vendor/cakephp/cakephp/src/Http/Runner.php(65): Cake\Error\Middleware\ErrorHandlerMiddleware->__invoke(Object(Cake\Http\ServerRequest), Object(Cake\Http\Response), Object(Cake\Http\Runner))
#26 /home/luis/development/php/malocas/vendor/cakephp/cakephp/src/Http/Runner.php(51): Cake\Http\Runner->__invoke(Object(Cake\Http\ServerRequest), Object(Cake\Http\Response))
#27 /home/luis/development/php/malocas/vendor/cakephp/cakephp/src/Http/Server.php(98): Cake\Http\Runner->run(Object(Cake\Http\MiddlewareQueue), Object(Cake\Http\ServerRequest), Object(Cake\Http\Response))
#28 /home/luis/development/php/malocas/webroot/index.php(40): Cake\Http\Server->run()
#29 {main}


2018-11-09 19:19:39 Warning: DebugKit is disabling itself as your host `malocas.co` is not in the known safe list of top-level-domains (localhost, dev, invalid, test, example, local). If you would like to force DebugKit on use the `DebugKit.forceEnable` Configure option.
2018-11-09 19:19:39 Error: [PDOException] SQLSTATE[42000]: Syntax error or access violation: 1064 You have an error in your SQL syntax; check the manual that corresponds to your MySQL server version for the right syntax to use near 'range, hours, month, year, date_) VALUES ('monday', '6-2', 8, 'November', 2018, ' at line 1
Request URL: /shifts/add
Referer URL: http://malocas.co/shifts/add
Stack Trace:
#0 /home/luis/development/php/malocas/vendor/cakephp/cakephp/src/Database/Statement/MysqlStatement.php(39): PDOStatement->execute(NULL)
#1 /home/luis/development/php/malocas/vendor/cakephp/cakephp/src/Database/Connection.php(334): Cake\Database\Statement\MysqlStatement->execute()
#2 /home/luis/development/php/malocas/vendor/cakephp/cakephp/src/Core/Retry/CommandRetry.php(68): Cake\Database\Connection->Cake\Database\{closure}()
#3 /home/luis/development/php/malocas/vendor/cakephp/cakephp/src/Database/Connection.php(337): Cake\Core\Retry\CommandRetry->run(Object(Closure))
#4 /home/luis/development/php/malocas/vendor/cakephp/cakephp/src/Database/Query.php(219): Cake\Database\Connection->run(Object(Cake\ORM\Query))
#5 /home/luis/development/php/malocas/vendor/cakephp/cakephp/src/ORM/Table.php(2114): Cake\Database\Query->execute()
#6 /home/luis/development/php/malocas/vendor/cakephp/cakephp/src/ORM/Table.php(2008): Cake\ORM\Table->_insert(Object(App\Model\Entity\Shift), Array)
#7 /home/luis/development/php/malocas/vendor/cakephp/cakephp/src/ORM/Table.php(1921): Cake\ORM\Table->_processSave(Object(App\Model\Entity\Shift), Object(ArrayObject))
#8 /home/luis/development/php/malocas/vendor/cakephp/cakephp/src/ORM/Table.php(1634): Cake\ORM\Table->Cake\ORM\{closure}()
#9 /home/luis/development/php/malocas/vendor/cakephp/cakephp/src/Database/Connection.php(726): Cake\ORM\Table->Cake\ORM\{closure}(Object(Cake\Database\Connection))
#10 /home/luis/development/php/malocas/vendor/cakephp/cakephp/src/ORM/Table.php(1635): Cake\Database\Connection->transactional(Object(Closure))
#11 /home/luis/development/php/malocas/vendor/cakephp/cakephp/src/ORM/Table.php(1922): Cake\ORM\Table->_executeTransaction(Object(Closure), true)
#12 /home/luis/development/php/malocas/src/Controller/ShiftsController.php(54): Cake\ORM\Table->save(Object(App\Model\Entity\Shift))
#13 /home/luis/development/php/malocas/vendor/cakephp/cakephp/src/Controller/Controller.php(609): App\Controller\ShiftsController->add()
#14 /home/luis/development/php/malocas/vendor/cakephp/cakephp/src/Http/ActionDispatcher.php(120): Cake\Controller\Controller->invokeAction()
#15 /home/luis/development/php/malocas/vendor/cakephp/cakephp/src/Http/ActionDispatcher.php(94): Cake\Http\ActionDispatcher->_invoke(Object(App\Controller\ShiftsController))
#16 /home/luis/development/php/malocas/vendor/cakephp/cakephp/src/Http/BaseApplication.php(235): Cake\Http\ActionDispatcher->dispatch(Object(Cake\Http\ServerRequest), Object(Cake\Http\Response))
#17 /home/luis/development/php/malocas/vendor/cakephp/cakephp/src/Http/Runner.php(65): Cake\Http\BaseApplication->__invoke(Object(Cake\Http\ServerRequest), Object(Cake\Http\Response), Object(Cake\Http\Runner))
#18 /home/luis/development/php/malocas/vendor/cakephp/cakephp/src/Http/Middleware/CsrfProtectionMiddleware.php(107): Cake\Http\Runner->__invoke(Object(Cake\Http\ServerRequest), Object(Cake\Http\Response))
#19 /home/luis/development/php/malocas/vendor/cakephp/cakephp/src/Http/Runner.php(65): Cake\Http\Middleware\CsrfProtectionMiddleware->__invoke(Object(Cake\Http\ServerRequest), Object(Cake\Http\Response), Object(Cake\Http\Runner))
#20 /home/luis/development/php/malocas/vendor/cakephp/cakephp/src/Routing/Middleware/RoutingMiddleware.php(156): Cake\Http\Runner->__invoke(Object(Cake\Http\ServerRequest), Object(Cake\Http\Response))
#21 /home/luis/development/php/malocas/vendor/cakephp/cakephp/src/Http/Runner.php(65): Cake\Routing\Middleware\RoutingMiddleware->__invoke(Object(Cake\Http\ServerRequest), Object(Cake\Http\Response), Object(Cake\Http\Runner))
#22 /home/luis/development/php/malocas/vendor/cakephp/cakephp/src/Routing/Middleware/AssetMiddleware.php(88): Cake\Http\Runner->__invoke(Object(Cake\Http\ServerRequest), Object(Cake\Http\Response))
#23 /home/luis/development/php/malocas/vendor/cakephp/cakephp/src/Http/Runner.php(65): Cake\Routing\Middleware\AssetMiddleware->__invoke(Object(Cake\Http\ServerRequest), Object(Cake\Http\Response), Object(Cake\Http\Runner))
#24 /home/luis/development/php/malocas/vendor/cakephp/cakephp/src/Error/Middleware/ErrorHandlerMiddleware.php(98): Cake\Http\Runner->__invoke(Object(Cake\Http\ServerRequest), Object(Cake\Http\Response))
#25 /home/luis/development/php/malocas/vendor/cakephp/cakephp/src/Http/Runner.php(65): Cake\Error\Middleware\ErrorHandlerMiddleware->__invoke(Object(Cake\Http\ServerRequest), Object(Cake\Http\Response), Object(Cake\Http\Runner))
#26 /home/luis/development/php/malocas/vendor/cakephp/cakephp/src/Http/Runner.php(51): Cake\Http\Runner->__invoke(Object(Cake\Http\ServerRequest), Object(Cake\Http\Response))
#27 /home/luis/development/php/malocas/vendor/cakephp/cakephp/src/Http/Server.php(98): Cake\Http\Runner->run(Object(Cake\Http\MiddlewareQueue), Object(Cake\Http\ServerRequest), Object(Cake\Http\Response))
#28 /home/luis/development/php/malocas/webroot/index.php(40): Cake\Http\Server->run()
#29 {main}


2018-11-09 19:22:09 Warning: DebugKit is disabling itself as your host `malocas.co` is not in the known safe list of top-level-domains (localhost, dev, invalid, test, example, local). If you would like to force DebugKit on use the `DebugKit.forceEnable` Configure option.
2018-11-09 19:24:39 Warning: DebugKit is disabling itself as your host `malocas.co` is not in the known safe list of top-level-domains (localhost, dev, invalid, test, example, local). If you would like to force DebugKit on use the `DebugKit.forceEnable` Configure option.
2018-11-09 19:24:43 Warning: DebugKit is disabling itself as your host `malocas.co` is not in the known safe list of top-level-domains (localhost, dev, invalid, test, example, local). If you would like to force DebugKit on use the `DebugKit.forceEnable` Configure option.
2018-11-09 19:24:43 Warning: DebugKit is disabling itself as your host `malocas.co` is not in the known safe list of top-level-domains (localhost, dev, invalid, test, example, local). If you would like to force DebugKit on use the `DebugKit.forceEnable` Configure option.
2018-11-09 19:25:03 Warning: DebugKit is disabling itself as your host `malocas.co` is not in the known safe list of top-level-domains (localhost, dev, invalid, test, example, local). If you would like to force DebugKit on use the `DebugKit.forceEnable` Configure option.
2018-11-09 19:25:07 Warning: DebugKit is disabling itself as your host `malocas.co` is not in the known safe list of top-level-domains (localhost, dev, invalid, test, example, local). If you would like to force DebugKit on use the `DebugKit.forceEnable` Configure option.
2018-11-09 19:26:10 Warning: DebugKit is disabling itself as your host `malocas.co` is not in the known safe list of top-level-domains (localhost, dev, invalid, test, example, local). If you would like to force DebugKit on use the `DebugKit.forceEnable` Configure option.
2018-11-09 19:27:16 Warning: DebugKit is disabling itself as your host `malocas.co` is not in the known safe list of top-level-domains (localhost, dev, invalid, test, example, local). If you would like to force DebugKit on use the `DebugKit.forceEnable` Configure option.
2018-11-09 19:28:36 Warning: DebugKit is disabling itself as your host `malocas.co` is not in the known safe list of top-level-domains (localhost, dev, invalid, test, example, local). If you would like to force DebugKit on use the `DebugKit.forceEnable` Configure option.
2018-11-09 19:28:41 Warning: DebugKit is disabling itself as your host `malocas.co` is not in the known safe list of top-level-domains (localhost, dev, invalid, test, example, local). If you would like to force DebugKit on use the `DebugKit.forceEnable` Configure option.
2018-11-09 19:29:07 Warning: DebugKit is disabling itself as your host `malocas.co` is not in the known safe list of top-level-domains (localhost, dev, invalid, test, example, local). If you would like to force DebugKit on use the `DebugKit.forceEnable` Configure option.
2018-11-09 19:32:48 Warning: DebugKit is disabling itself as your host `malocas.co` is not in the known safe list of top-level-domains (localhost, dev, invalid, test, example, local). If you would like to force DebugKit on use the `DebugKit.forceEnable` Configure option.
2018-11-09 19:33:21 Warning: DebugKit is disabling itself as your host `malocas.co` is not in the known safe list of top-level-domains (localhost, dev, invalid, test, example, local). If you would like to force DebugKit on use the `DebugKit.forceEnable` Configure option.
2018-11-09 19:35:13 Warning: DebugKit is disabling itself as your host `malocas.co` is not in the known safe list of top-level-domains (localhost, dev, invalid, test, example, local). If you would like to force DebugKit on use the `DebugKit.forceEnable` Configure option.
2018-11-09 19:37:21 Warning: DebugKit is disabling itself as your host `malocas.co` is not in the known safe list of top-level-domains (localhost, dev, invalid, test, example, local). If you would like to force DebugKit on use the `DebugKit.forceEnable` Configure option.
2018-11-09 19:37:22 Warning: DebugKit is disabling itself as your host `malocas.co` is not in the known safe list of top-level-domains (localhost, dev, invalid, test, example, local). If you would like to force DebugKit on use the `DebugKit.forceEnable` Configure option.
2018-11-09 19:37:25 Warning: DebugKit is disabling itself as your host `malocas.co` is not in the known safe list of top-level-domains (localhost, dev, invalid, test, example, local). If you would like to force DebugKit on use the `DebugKit.forceEnable` Configure option.
2018-11-09 19:37:28 Warning: DebugKit is disabling itself as your host `malocas.co` is not in the known safe list of top-level-domains (localhost, dev, invalid, test, example, local). If you would like to force DebugKit on use the `DebugKit.forceEnable` Configure option.
2018-11-09 19:42:47 Warning: DebugKit is disabling itself as your host `malocas.co` is not in the known safe list of top-level-domains (localhost, dev, invalid, test, example, local). If you would like to force DebugKit on use the `DebugKit.forceEnable` Configure option.
2018-11-09 19:45:25 Warning: DebugKit is disabling itself as your host `malocas.co` is not in the known safe list of top-level-domains (localhost, dev, invalid, test, example, local). If you would like to force DebugKit on use the `DebugKit.forceEnable` Configure option.
2018-11-09 19:45:25 Error: [Error] Call to a member function get() on null
Request URL: /employees/add
Referer URL: http://malocas.co/shifts
Stack Trace:
#0 /home/luis/development/php/malocas/vendor/cakephp/cakephp/src/Collection/CollectionTrait.php(466): App\Controller\EmployeesController->App\Controller\{closure}(Object(App\Model\Entity\Shift), 0)
#1 /home/luis/development/php/malocas/vendor/cakephp/cakephp/src/Collection/Iterator/MapReduce.php(178): Cake\ORM\ResultSet->Cake\Collection\{closure}(Object(App\Model\Entity\Shift), 0, Object(Cake\Collection\Iterator\MapReduce))
#2 /home/luis/development/php/malocas/vendor/cakephp/cakephp/src/Collection/Iterator/MapReduce.php(132): Cake\Collection\Iterator\MapReduce->_execute()
#3 [internal function]: Cake\Collection\Iterator\MapReduce->getIterator()
#4 /home/luis/development/php/malocas/vendor/cakephp/cakephp/src/Collection/Collection.php(49): IteratorIterator->__construct(Object(Cake\Collection\Iterator\MapReduce))
#5 /home/luis/development/php/malocas/vendor/cakephp/cakephp/src/Collection/CollectionTrait.php(486): Cake\Collection\Collection->__construct(Object(Cake\Collection\Iterator\MapReduce))
#6 /home/luis/development/php/malocas/vendor/cakephp/cakephp/src/ORM/Table.php(1475): Cake\ORM\ResultSet->combine('id', Object(Closure), NULL)
#7 /home/luis/development/php/malocas/vendor/cakephp/cakephp/src/Datasource/QueryTrait.php(570): Cake\ORM\Table->Cake\ORM\{closure}(Object(Cake\ORM\ResultSet))
#8 /home/luis/development/php/malocas/vendor/cakephp/cakephp/src/ORM/Query.php(1405): Cake\ORM\Query->_applyDecorators(Object(Cake\ORM\ResultSet))
#9 /home/luis/development/php/malocas/vendor/cakephp/cakephp/src/Datasource/QueryTrait.php(309): Cake\ORM\Query->_decorateResults(Object(Cake\ORM\ResultSet))
#10 /home/luis/development/php/malocas/vendor/cakephp/cakephp/src/ORM/Query.php(1074): Cake\ORM\Query->_all()
#11 /home/luis/development/php/malocas/vendor/cakephp/cakephp/src/Datasource/QueryTrait.php(149): Cake\ORM\Query->all()
#12 [internal function]: Cake\ORM\Query->getIterator()
#13 /home/luis/development/php/malocas/vendor/cakephp/cakephp/src/View/Widget/SelectBoxWidget.php(149): iterator_to_array(Object(Cake\ORM\Query))
#14 /home/luis/development/php/malocas/vendor/cakephp/cakephp/src/View/Widget/SelectBoxWidget.php(116): Cake\View\Widget\SelectBoxWidget->_renderContent(Array)
#15 /home/luis/development/php/malocas/vendor/cakephp/cakephp/src/View/Helper/FormHelper.php(2846): Cake\View\Widget\SelectBoxWidget->render(Array, Object(Cake\View\Form\EntityContext))
#16 /home/luis/development/php/malocas/vendor/cakephp/cakephp/src/View/Helper/FormHelper.php(2144): Cake\View\Helper\FormHelper->widget('select', Array)
#17 /home/luis/development/php/malocas/vendor/cakephp/cakephp/src/View/Helper/FormHelper.php(1312): Cake\View\Helper\FormHelper->select('shifts._ids', Object(Cake\ORM\Query), Array)
#18 /home/luis/development/php/malocas/vendor/cakephp/cakephp/src/View/Helper/FormHelper.php(1205): Cake\View\Helper\FormHelper->_getInput('shifts._ids', Array)
#19 /home/luis/development/php/malocas/src/Template/Employees/add.ctp(25): Cake\View\Helper\FormHelper->control('shifts._ids', Array)
#20 /home/luis/development/php/malocas/vendor/cakephp/cakephp/src/View/View.php(1240): include('/home/luis/deve...')
#21 /home/luis/development/php/malocas/vendor/cakephp/cakephp/src/View/View.php(1201): Cake\View\View->_evaluate('/home/luis/deve...', Array)
#22 /home/luis/development/php/malocas/vendor/cakephp/cakephp/src/View/View.php(803): Cake\View\View->_render('/home/luis/deve...')
#23 /home/luis/development/php/malocas/vendor/cakephp/cakephp/src/Controller/Controller.php(790): Cake\View\View->render(NULL, NULL)
#24 /home/luis/development/php/malocas/vendor/cakephp/cakephp/src/Http/ActionDispatcher.php(126): Cake\Controller\Controller->render()
#25 /home/luis/development/php/malocas/vendor/cakephp/cakephp/src/Http/ActionDispatcher.php(94): Cake\Http\ActionDispatcher->_invoke(Object(App\Controller\EmployeesController))
#26 /home/luis/development/php/malocas/vendor/cakephp/cakephp/src/Http/BaseApplication.php(235): Cake\Http\ActionDispatcher->dispatch(Object(Cake\Http\ServerRequest), Object(Cake\Http\Response))
#27 /home/luis/development/php/malocas/vendor/cakephp/cakephp/src/Http/Runner.php(65): Cake\Http\BaseApplication->__invoke(Object(Cake\Http\ServerRequest), Object(Cake\Http\Response), Object(Cake\Http\Runner))
#28 /home/luis/development/php/malocas/vendor/cakephp/cakephp/src/Http/Middleware/CsrfProtectionMiddleware.php(107): Cake\Http\Runner->__invoke(Object(Cake\Http\ServerRequest), Object(Cake\Http\Response))
#29 /home/luis/development/php/malocas/vendor/cakephp/cakephp/src/Http/Runner.php(65): Cake\Http\Middleware\CsrfProtectionMiddleware->__invoke(Object(Cake\Http\ServerRequest), Object(Cake\Http\Response), Object(Cake\Http\Runner))
#30 /home/luis/development/php/malocas/vendor/cakephp/cakephp/src/Routing/Middleware/RoutingMiddleware.php(156): Cake\Http\Runner->__invoke(Object(Cake\Http\ServerRequest), Object(Cake\Http\Response))
#31 /home/luis/development/php/malocas/vendor/cakephp/cakephp/src/Http/Runner.php(65): Cake\Routing\Middleware\RoutingMiddleware->__invoke(Object(Cake\Http\ServerRequest), Object(Cake\Http\Response), Object(Cake\Http\Runner))
#32 /home/luis/development/php/malocas/vendor/cakephp/cakephp/src/Routing/Middleware/AssetMiddleware.php(88): Cake\Http\Runner->__invoke(Object(Cake\Http\ServerRequest), Object(Cake\Http\Response))
#33 /home/luis/development/php/malocas/vendor/cakephp/cakephp/src/Http/Runner.php(65): Cake\Routing\Middleware\AssetMiddleware->__invoke(Object(Cake\Http\ServerRequest), Object(Cake\Http\Response), Object(Cake\Http\Runner))
#34 /home/luis/development/php/malocas/vendor/cakephp/cakephp/src/Error/Middleware/ErrorHandlerMiddleware.php(98): Cake\Http\Runner->__invoke(Object(Cake\Http\ServerRequest), Object(Cake\Http\Response))
#35 /home/luis/development/php/malocas/vendor/cakephp/cakephp/src/Http/Runner.php(65): Cake\Error\Middleware\ErrorHandlerMiddleware->__invoke(Object(Cake\Http\ServerRequest), Object(Cake\Http\Response), Object(Cake\Http\Runner))
#36 /home/luis/development/php/malocas/vendor/cakephp/cakephp/src/Http/Runner.php(51): Cake\Http\Runner->__invoke(Object(Cake\Http\ServerRequest), Object(Cake\Http\Response))
#37 /home/luis/development/php/malocas/vendor/cakephp/cakephp/src/Http/Server.php(98): Cake\Http\Runner->run(Object(Cake\Http\MiddlewareQueue), Object(Cake\Http\ServerRequest), Object(Cake\Http\Response))
#38 /home/luis/development/php/malocas/webroot/index.php(40): Cake\Http\Server->run()
#39 {main}


2018-11-09 19:46:50 Warning: DebugKit is disabling itself as your host `malocas.co` is not in the known safe list of top-level-domains (localhost, dev, invalid, test, example, local). If you would like to force DebugKit on use the `DebugKit.forceEnable` Configure option.
2018-11-09 19:46:50 Error: [Error] Call to a member function get() on null
Request URL: /employees/add
Stack Trace:
#0 /home/luis/development/php/malocas/vendor/cakephp/cakephp/src/Collection/CollectionTrait.php(466): App\Controller\EmployeesController->App\Controller\{closure}(Object(App\Model\Entity\Shift), 0)
#1 /home/luis/development/php/malocas/vendor/cakephp/cakephp/src/Collection/Iterator/MapReduce.php(178): Cake\ORM\ResultSet->Cake\Collection\{closure}(Object(App\Model\Entity\Shift), 0, Object(Cake\Collection\Iterator\MapReduce))
#2 /home/luis/development/php/malocas/vendor/cakephp/cakephp/src/Collection/Iterator/MapReduce.php(132): Cake\Collection\Iterator\MapReduce->_execute()
#3 [internal function]: Cake\Collection\Iterator\MapReduce->getIterator()
#4 /home/luis/development/php/malocas/vendor/cakephp/cakephp/src/Collection/Collection.php(49): IteratorIterator->__construct(Object(Cake\Collection\Iterator\MapReduce))
#5 /home/luis/development/php/malocas/vendor/cakephp/cakephp/src/Collection/CollectionTrait.php(486): Cake\Collection\Collection->__construct(Object(Cake\Collection\Iterator\MapReduce))
#6 /home/luis/development/php/malocas/vendor/cakephp/cakephp/src/ORM/Table.php(1475): Cake\ORM\ResultSet->combine('id', Object(Closure), NULL)
#7 /home/luis/development/php/malocas/vendor/cakephp/cakephp/src/Datasource/QueryTrait.php(570): Cake\ORM\Table->Cake\ORM\{closure}(Object(Cake\ORM\ResultSet))
#8 /home/luis/development/php/malocas/vendor/cakephp/cakephp/src/ORM/Query.php(1405): Cake\ORM\Query->_applyDecorators(Object(Cake\ORM\ResultSet))
#9 /home/luis/development/php/malocas/vendor/cakephp/cakephp/src/Datasource/QueryTrait.php(309): Cake\ORM\Query->_decorateResults(Object(Cake\ORM\ResultSet))
#10 /home/luis/development/php/malocas/vendor/cakephp/cakephp/src/ORM/Query.php(1074): Cake\ORM\Query->_all()
#11 /home/luis/development/php/malocas/vendor/cakephp/cakephp/src/Datasource/QueryTrait.php(149): Cake\ORM\Query->all()
#12 [internal function]: Cake\ORM\Query->getIterator()
#13 /home/luis/development/php/malocas/vendor/cakephp/cakephp/src/View/Widget/SelectBoxWidget.php(149): iterator_to_array(Object(Cake\ORM\Query))
#14 /home/luis/development/php/malocas/vendor/cakephp/cakephp/src/View/Widget/SelectBoxWidget.php(116): Cake\View\Widget\SelectBoxWidget->_renderContent(Array)
#15 /home/luis/development/php/malocas/vendor/cakephp/cakephp/src/View/Helper/FormHelper.php(2846): Cake\View\Widget\SelectBoxWidget->render(Array, Object(Cake\View\Form\EntityContext))
#16 /home/luis/development/php/malocas/vendor/cakephp/cakephp/src/View/Helper/FormHelper.php(2144): Cake\View\Helper\FormHelper->widget('select', Array)
#17 /home/luis/development/php/malocas/vendor/cakephp/cakephp/src/View/Helper/FormHelper.php(1312): Cake\View\Helper\FormHelper->select('shifts._ids', Object(Cake\ORM\Query), Array)
#18 /home/luis/development/php/malocas/vendor/cakephp/cakephp/src/View/Helper/FormHelper.php(1205): Cake\View\Helper\FormHelper->_getInput('shifts._ids', Array)
#19 /home/luis/development/php/malocas/src/Template/Employees/add.ctp(25): Cake\View\Helper\FormHelper->control('shifts._ids', Array)
#20 /home/luis/development/php/malocas/vendor/cakephp/cakephp/src/View/View.php(1240): include('/home/luis/deve...')
#21 /home/luis/development/php/malocas/vendor/cakephp/cakephp/src/View/View.php(1201): Cake\View\View->_evaluate('/home/luis/deve...', Array)
#22 /home/luis/development/php/malocas/vendor/cakephp/cakephp/src/View/View.php(803): Cake\View\View->_render('/home/luis/deve...')
#23 /home/luis/development/php/malocas/vendor/cakephp/cakephp/src/Controller/Controller.php(790): Cake\View\View->render(NULL, NULL)
#24 /home/luis/development/php/malocas/vendor/cakephp/cakephp/src/Http/ActionDispatcher.php(126): Cake\Controller\Controller->render()
#25 /home/luis/development/php/malocas/vendor/cakephp/cakephp/src/Http/ActionDispatcher.php(94): Cake\Http\ActionDispatcher->_invoke(Object(App\Controller\EmployeesController))
#26 /home/luis/development/php/malocas/vendor/cakephp/cakephp/src/Http/BaseApplication.php(235): Cake\Http\ActionDispatcher->dispatch(Object(Cake\Http\ServerRequest), Object(Cake\Http\Response))
#27 /home/luis/development/php/malocas/vendor/cakephp/cakephp/src/Http/Runner.php(65): Cake\Http\BaseApplication->__invoke(Object(Cake\Http\ServerRequest), Object(Cake\Http\Response), Object(Cake\Http\Runner))
#28 /home/luis/development/php/malocas/vendor/cakephp/cakephp/src/Http/Middleware/CsrfProtectionMiddleware.php(107): Cake\Http\Runner->__invoke(Object(Cake\Http\ServerRequest), Object(Cake\Http\Response))
#29 /home/luis/development/php/malocas/vendor/cakephp/cakephp/src/Http/Runner.php(65): Cake\Http\Middleware\CsrfProtectionMiddleware->__invoke(Object(Cake\Http\ServerRequest), Object(Cake\Http\Response), Object(Cake\Http\Runner))
#30 /home/luis/development/php/malocas/vendor/cakephp/cakephp/src/Routing/Middleware/RoutingMiddleware.php(156): Cake\Http\Runner->__invoke(Object(Cake\Http\ServerRequest), Object(Cake\Http\Response))
#31 /home/luis/development/php/malocas/vendor/cakephp/cakephp/src/Http/Runner.php(65): Cake\Routing\Middleware\RoutingMiddleware->__invoke(Object(Cake\Http\ServerRequest), Object(Cake\Http\Response), Object(Cake\Http\Runner))
#32 /home/luis/development/php/malocas/vendor/cakephp/cakephp/src/Routing/Middleware/AssetMiddleware.php(88): Cake\Http\Runner->__invoke(Object(Cake\Http\ServerRequest), Object(Cake\Http\Response))
#33 /home/luis/development/php/malocas/vendor/cakephp/cakephp/src/Http/Runner.php(65): Cake\Routing\Middleware\AssetMiddleware->__invoke(Object(Cake\Http\ServerRequest), Object(Cake\Http\Response), Object(Cake\Http\Runner))
#34 /home/luis/development/php/malocas/vendor/cakephp/cakephp/src/Error/Middleware/ErrorHandlerMiddleware.php(98): Cake\Http\Runner->__invoke(Object(Cake\Http\ServerRequest), Object(Cake\Http\Response))
#35 /home/luis/development/php/malocas/vendor/cakephp/cakephp/src/Http/Runner.php(65): Cake\Error\Middleware\ErrorHandlerMiddleware->__invoke(Object(Cake\Http\ServerRequest), Object(Cake\Http\Response), Object(Cake\Http\Runner))
#36 /home/luis/development/php/malocas/vendor/cakephp/cakephp/src/Http/Runner.php(51): Cake\Http\Runner->__invoke(Object(Cake\Http\ServerRequest), Object(Cake\Http\Response))
#37 /home/luis/development/php/malocas/vendor/cakephp/cakephp/src/Http/Server.php(98): Cake\Http\Runner->run(Object(Cake\Http\MiddlewareQueue), Object(Cake\Http\ServerRequest), Object(Cake\Http\Response))
#38 /home/luis/development/php/malocas/webroot/index.php(40): Cake\Http\Server->run()
#39 {main}


2018-11-09 19:48:23 Warning: DebugKit is disabling itself as your host `malocas.co` is not in the known safe list of top-level-domains (localhost, dev, invalid, test, example, local). If you would like to force DebugKit on use the `DebugKit.forceEnable` Configure option.
2018-11-09 19:48:23 Error: [Error] Call to a member function get() on null
Request URL: /employees/add
Stack Trace:
#0 /home/luis/development/php/malocas/vendor/cakephp/cakephp/src/Collection/CollectionTrait.php(466): App\Controller\EmployeesController->App\Controller\{closure}(Object(App\Model\Entity\Shift), 0)
#1 /home/luis/development/php/malocas/vendor/cakephp/cakephp/src/Collection/Iterator/MapReduce.php(178): Cake\ORM\ResultSet->Cake\Collection\{closure}(Object(App\Model\Entity\Shift), 0, Object(Cake\Collection\Iterator\MapReduce))
#2 /home/luis/development/php/malocas/vendor/cakephp/cakephp/src/Collection/Iterator/MapReduce.php(132): Cake\Collection\Iterator\MapReduce->_execute()
#3 [internal function]: Cake\Collection\Iterator\MapReduce->getIterator()
#4 /home/luis/development/php/malocas/vendor/cakephp/cakephp/src/Collection/Collection.php(49): IteratorIterator->__construct(Object(Cake\Collection\Iterator\MapReduce))
#5 /home/luis/development/php/malocas/vendor/cakephp/cakephp/src/Collection/CollectionTrait.php(486): Cake\Collection\Collection->__construct(Object(Cake\Collection\Iterator\MapReduce))
#6 /home/luis/development/php/malocas/vendor/cakephp/cakephp/src/ORM/Table.php(1475): Cake\ORM\ResultSet->combine('id', Object(Closure), NULL)
#7 /home/luis/development/php/malocas/vendor/cakephp/cakephp/src/Datasource/QueryTrait.php(570): Cake\ORM\Table->Cake\ORM\{closure}(Object(Cake\ORM\ResultSet))
#8 /home/luis/development/php/malocas/vendor/cakephp/cakephp/src/ORM/Query.php(1405): Cake\ORM\Query->_applyDecorators(Object(Cake\ORM\ResultSet))
#9 /home/luis/development/php/malocas/vendor/cakephp/cakephp/src/Datasource/QueryTrait.php(309): Cake\ORM\Query->_decorateResults(Object(Cake\ORM\ResultSet))
#10 /home/luis/development/php/malocas/vendor/cakephp/cakephp/src/ORM/Query.php(1074): Cake\ORM\Query->_all()
#11 /home/luis/development/php/malocas/vendor/cakephp/cakephp/src/Datasource/QueryTrait.php(149): Cake\ORM\Query->all()
#12 [internal function]: Cake\ORM\Query->getIterator()
#13 /home/luis/development/php/malocas/vendor/cakephp/cakephp/src/View/Widget/SelectBoxWidget.php(149): iterator_to_array(Object(Cake\ORM\Query))
#14 /home/luis/development/php/malocas/vendor/cakephp/cakephp/src/View/Widget/SelectBoxWidget.php(116): Cake\View\Widget\SelectBoxWidget->_renderContent(Array)
#15 /home/luis/development/php/malocas/vendor/cakephp/cakephp/src/View/Helper/FormHelper.php(2846): Cake\View\Widget\SelectBoxWidget->render(Array, Object(Cake\View\Form\EntityContext))
#16 /home/luis/development/php/malocas/vendor/cakephp/cakephp/src/View/Helper/FormHelper.php(2144): Cake\View\Helper\FormHelper->widget('select', Array)
#17 /home/luis/development/php/malocas/vendor/cakephp/cakephp/src/View/Helper/FormHelper.php(1312): Cake\View\Helper\FormHelper->select('shifts._ids', Object(Cake\ORM\Query), Array)
#18 /home/luis/development/php/malocas/vendor/cakephp/cakephp/src/View/Helper/FormHelper.php(1205): Cake\View\Helper\FormHelper->_getInput('shifts._ids', Array)
#19 /home/luis/development/php/malocas/src/Template/Employees/add.ctp(25): Cake\View\Helper\FormHelper->control('shifts._ids', Array)
#20 /home/luis/development/php/malocas/vendor/cakephp/cakephp/src/View/View.php(1240): include('/home/luis/deve...')
#21 /home/luis/development/php/malocas/vendor/cakephp/cakephp/src/View/View.php(1201): Cake\View\View->_evaluate('/home/luis/deve...', Array)
#22 /home/luis/development/php/malocas/vendor/cakephp/cakephp/src/View/View.php(803): Cake\View\View->_render('/home/luis/deve...')
#23 /home/luis/development/php/malocas/vendor/cakephp/cakephp/src/Controller/Controller.php(790): Cake\View\View->render(NULL, NULL)
#24 /home/luis/development/php/malocas/vendor/cakephp/cakephp/src/Http/ActionDispatcher.php(126): Cake\Controller\Controller->render()
#25 /home/luis/development/php/malocas/vendor/cakephp/cakephp/src/Http/ActionDispatcher.php(94): Cake\Http\ActionDispatcher->_invoke(Object(App\Controller\EmployeesController))
#26 /home/luis/development/php/malocas/vendor/cakephp/cakephp/src/Http/BaseApplication.php(235): Cake\Http\ActionDispatcher->dispatch(Object(Cake\Http\ServerRequest), Object(Cake\Http\Response))
#27 /home/luis/development/php/malocas/vendor/cakephp/cakephp/src/Http/Runner.php(65): Cake\Http\BaseApplication->__invoke(Object(Cake\Http\ServerRequest), Object(Cake\Http\Response), Object(Cake\Http\Runner))
#28 /home/luis/development/php/malocas/vendor/cakephp/cakephp/src/Http/Middleware/CsrfProtectionMiddleware.php(107): Cake\Http\Runner->__invoke(Object(Cake\Http\ServerRequest), Object(Cake\Http\Response))
#29 /home/luis/development/php/malocas/vendor/cakephp/cakephp/src/Http/Runner.php(65): Cake\Http\Middleware\CsrfProtectionMiddleware->__invoke(Object(Cake\Http\ServerRequest), Object(Cake\Http\Response), Object(Cake\Http\Runner))
#30 /home/luis/development/php/malocas/vendor/cakephp/cakephp/src/Routing/Middleware/RoutingMiddleware.php(156): Cake\Http\Runner->__invoke(Object(Cake\Http\ServerRequest), Object(Cake\Http\Response))
#31 /home/luis/development/php/malocas/vendor/cakephp/cakephp/src/Http/Runner.php(65): Cake\Routing\Middleware\RoutingMiddleware->__invoke(Object(Cake\Http\ServerRequest), Object(Cake\Http\Response), Object(Cake\Http\Runner))
#32 /home/luis/development/php/malocas/vendor/cakephp/cakephp/src/Routing/Middleware/AssetMiddleware.php(88): Cake\Http\Runner->__invoke(Object(Cake\Http\ServerRequest), Object(Cake\Http\Response))
#33 /home/luis/development/php/malocas/vendor/cakephp/cakephp/src/Http/Runner.php(65): Cake\Routing\Middleware\AssetMiddleware->__invoke(Object(Cake\Http\ServerRequest), Object(Cake\Http\Response), Object(Cake\Http\Runner))
#34 /home/luis/development/php/malocas/vendor/cakephp/cakephp/src/Error/Middleware/ErrorHandlerMiddleware.php(98): Cake\Http\Runner->__invoke(Object(Cake\Http\ServerRequest), Object(Cake\Http\Response))
#35 /home/luis/development/php/malocas/vendor/cakephp/cakephp/src/Http/Runner.php(65): Cake\Error\Middleware\ErrorHandlerMiddleware->__invoke(Object(Cake\Http\ServerRequest), Object(Cake\Http\Response), Object(Cake\Http\Runner))
#36 /home/luis/development/php/malocas/vendor/cakephp/cakephp/src/Http/Runner.php(51): Cake\Http\Runner->__invoke(Object(Cake\Http\ServerRequest), Object(Cake\Http\Response))
#37 /home/luis/development/php/malocas/vendor/cakephp/cakephp/src/Http/Server.php(98): Cake\Http\Runner->run(Object(Cake\Http\MiddlewareQueue), Object(Cake\Http\ServerRequest), Object(Cake\Http\Response))
#38 /home/luis/development/php/malocas/webroot/index.php(40): Cake\Http\Server->run()
#39 {main}


2018-11-09 19:49:19 Warning: DebugKit is disabling itself as your host `malocas.co` is not in the known safe list of top-level-domains (localhost, dev, invalid, test, example, local). If you would like to force DebugKit on use the `DebugKit.forceEnable` Configure option.
2018-11-09 19:49:19 Error: [Error] Call to a member function get() on null
Request URL: /employees/add
Stack Trace:
#0 /home/luis/development/php/malocas/vendor/cakephp/cakephp/src/Collection/CollectionTrait.php(466): App\Controller\EmployeesController->App\Controller\{closure}(Object(App\Model\Entity\Shift), 0)
#1 /home/luis/development/php/malocas/vendor/cakephp/cakephp/src/Collection/Iterator/MapReduce.php(178): Cake\ORM\ResultSet->Cake\Collection\{closure}(Object(App\Model\Entity\Shift), 0, Object(Cake\Collection\Iterator\MapReduce))
#2 /home/luis/development/php/malocas/vendor/cakephp/cakephp/src/Collection/Iterator/MapReduce.php(132): Cake\Collection\Iterator\MapReduce->_execute()
#3 [internal function]: Cake\Collection\Iterator\MapReduce->getIterator()
#4 /home/luis/development/php/malocas/vendor/cakephp/cakephp/src/Collection/Collection.php(49): IteratorIterator->__construct(Object(Cake\Collection\Iterator\MapReduce))
#5 /home/luis/development/php/malocas/vendor/cakephp/cakephp/src/Collection/CollectionTrait.php(486): Cake\Collection\Collection->__construct(Object(Cake\Collection\Iterator\MapReduce))
#6 /home/luis/development/php/malocas/vendor/cakephp/cakephp/src/ORM/Table.php(1475): Cake\ORM\ResultSet->combine('id', Object(Closure), NULL)
#7 /home/luis/development/php/malocas/vendor/cakephp/cakephp/src/Datasource/QueryTrait.php(570): Cake\ORM\Table->Cake\ORM\{closure}(Object(Cake\ORM\ResultSet))
#8 /home/luis/development/php/malocas/vendor/cakephp/cakephp/src/ORM/Query.php(1405): Cake\ORM\Query->_applyDecorators(Object(Cake\ORM\ResultSet))
#9 /home/luis/development/php/malocas/vendor/cakephp/cakephp/src/Datasource/QueryTrait.php(309): Cake\ORM\Query->_decorateResults(Object(Cake\ORM\ResultSet))
#10 /home/luis/development/php/malocas/vendor/cakephp/cakephp/src/ORM/Query.php(1074): Cake\ORM\Query->_all()
#11 /home/luis/development/php/malocas/vendor/cakephp/cakephp/src/Datasource/QueryTrait.php(149): Cake\ORM\Query->all()
#12 [internal function]: Cake\ORM\Query->getIterator()
#13 /home/luis/development/php/malocas/vendor/cakephp/cakephp/src/View/Widget/SelectBoxWidget.php(149): iterator_to_array(Object(Cake\ORM\Query))
#14 /home/luis/development/php/malocas/vendor/cakephp/cakephp/src/View/Widget/SelectBoxWidget.php(116): Cake\View\Widget\SelectBoxWidget->_renderContent(Array)
#15 /home/luis/development/php/malocas/vendor/cakephp/cakephp/src/View/Helper/FormHelper.php(2846): Cake\View\Widget\SelectBoxWidget->render(Array, Object(Cake\View\Form\EntityContext))
#16 /home/luis/development/php/malocas/vendor/cakephp/cakephp/src/View/Helper/FormHelper.php(2144): Cake\View\Helper\FormHelper->widget('select', Array)
#17 /home/luis/development/php/malocas/vendor/cakephp/cakephp/src/View/Helper/FormHelper.php(1312): Cake\View\Helper\FormHelper->select('shifts._ids', Object(Cake\ORM\Query), Array)
#18 /home/luis/development/php/malocas/vendor/cakephp/cakephp/src/View/Helper/FormHelper.php(1205): Cake\View\Helper\FormHelper->_getInput('shifts._ids', Array)
#19 /home/luis/development/php/malocas/src/Template/Employees/add.ctp(25): Cake\View\Helper\FormHelper->control('shifts._ids', Array)
#20 /home/luis/development/php/malocas/vendor/cakephp/cakephp/src/View/View.php(1240): include('/home/luis/deve...')
#21 /home/luis/development/php/malocas/vendor/cakephp/cakephp/src/View/View.php(1201): Cake\View\View->_evaluate('/home/luis/deve...', Array)
#22 /home/luis/development/php/malocas/vendor/cakephp/cakephp/src/View/View.php(803): Cake\View\View->_render('/home/luis/deve...')
#23 /home/luis/development/php/malocas/vendor/cakephp/cakephp/src/Controller/Controller.php(790): Cake\View\View->render(NULL, NULL)
#24 /home/luis/development/php/malocas/vendor/cakephp/cakephp/src/Http/ActionDispatcher.php(126): Cake\Controller\Controller->render()
#25 /home/luis/development/php/malocas/vendor/cakephp/cakephp/src/Http/ActionDispatcher.php(94): Cake\Http\ActionDispatcher->_invoke(Object(App\Controller\EmployeesController))
#26 /home/luis/development/php/malocas/vendor/cakephp/cakephp/src/Http/BaseApplication.php(235): Cake\Http\ActionDispatcher->dispatch(Object(Cake\Http\ServerRequest), Object(Cake\Http\Response))
#27 /home/luis/development/php/malocas/vendor/cakephp/cakephp/src/Http/Runner.php(65): Cake\Http\BaseApplication->__invoke(Object(Cake\Http\ServerRequest), Object(Cake\Http\Response), Object(Cake\Http\Runner))
#28 /home/luis/development/php/malocas/vendor/cakephp/cakephp/src/Http/Middleware/CsrfProtectionMiddleware.php(107): Cake\Http\Runner->__invoke(Object(Cake\Http\ServerRequest), Object(Cake\Http\Response))
#29 /home/luis/development/php/malocas/vendor/cakephp/cakephp/src/Http/Runner.php(65): Cake\Http\Middleware\CsrfProtectionMiddleware->__invoke(Object(Cake\Http\ServerRequest), Object(Cake\Http\Response), Object(Cake\Http\Runner))
#30 /home/luis/development/php/malocas/vendor/cakephp/cakephp/src/Routing/Middleware/RoutingMiddleware.php(156): Cake\Http\Runner->__invoke(Object(Cake\Http\ServerRequest), Object(Cake\Http\Response))
#31 /home/luis/development/php/malocas/vendor/cakephp/cakephp/src/Http/Runner.php(65): Cake\Routing\Middleware\RoutingMiddleware->__invoke(Object(Cake\Http\ServerRequest), Object(Cake\Http\Response), Object(Cake\Http\Runner))
#32 /home/luis/development/php/malocas/vendor/cakephp/cakephp/src/Routing/Middleware/AssetMiddleware.php(88): Cake\Http\Runner->__invoke(Object(Cake\Http\ServerRequest), Object(Cake\Http\Response))
#33 /home/luis/development/php/malocas/vendor/cakephp/cakephp/src/Http/Runner.php(65): Cake\Routing\Middleware\AssetMiddleware->__invoke(Object(Cake\Http\ServerRequest), Object(Cake\Http\Response), Object(Cake\Http\Runner))
#34 /home/luis/development/php/malocas/vendor/cakephp/cakephp/src/Error/Middleware/ErrorHandlerMiddleware.php(98): Cake\Http\Runner->__invoke(Object(Cake\Http\ServerRequest), Object(Cake\Http\Response))
#35 /home/luis/development/php/malocas/vendor/cakephp/cakephp/src/Http/Runner.php(65): Cake\Error\Middleware\ErrorHandlerMiddleware->__invoke(Object(Cake\Http\ServerRequest), Object(Cake\Http\Response), Object(Cake\Http\Runner))
#36 /home/luis/development/php/malocas/vendor/cakephp/cakephp/src/Http/Runner.php(51): Cake\Http\Runner->__invoke(Object(Cake\Http\ServerRequest), Object(Cake\Http\Response))
#37 /home/luis/development/php/malocas/vendor/cakephp/cakephp/src/Http/Server.php(98): Cake\Http\Runner->run(Object(Cake\Http\MiddlewareQueue), Object(Cake\Http\ServerRequest), Object(Cake\Http\Response))
#38 /home/luis/development/php/malocas/webroot/index.php(40): Cake\Http\Server->run()
#39 {main}


2018-11-09 19:49:56 Warning: DebugKit is disabling itself as your host `malocas.co` is not in the known safe list of top-level-domains (localhost, dev, invalid, test, example, local). If you would like to force DebugKit on use the `DebugKit.forceEnable` Configure option.
2018-11-09 19:50:11 Warning: DebugKit is disabling itself as your host `malocas.co` is not in the known safe list of top-level-domains (localhost, dev, invalid, test, example, local). If you would like to force DebugKit on use the `DebugKit.forceEnable` Configure option.
2018-11-09 19:50:22 Warning: DebugKit is disabling itself as your host `malocas.co` is not in the known safe list of top-level-domains (localhost, dev, invalid, test, example, local). If you would like to force DebugKit on use the `DebugKit.forceEnable` Configure option.
2018-11-09 19:50:25 Warning: DebugKit is disabling itself as your host `malocas.co` is not in the known safe list of top-level-domains (localhost, dev, invalid, test, example, local). If you would like to force DebugKit on use the `DebugKit.forceEnable` Configure option.
2018-11-09 19:50:25 Error: [Error] Call to a member function get() on null
Request URL: /employees/edit/1
Referer URL: http://malocas.co/employees
Stack Trace:
#0 /home/luis/development/php/malocas/vendor/cakephp/cakephp/src/Collection/CollectionTrait.php(466): App\Controller\EmployeesController->App\Controller\{closure}(Object(App\Model\Entity\Shift), 0)
#1 /home/luis/development/php/malocas/vendor/cakephp/cakephp/src/Collection/Iterator/MapReduce.php(178): Cake\ORM\ResultSet->Cake\Collection\{closure}(Object(App\Model\Entity\Shift), 0, Object(Cake\Collection\Iterator\MapReduce))
#2 /home/luis/development/php/malocas/vendor/cakephp/cakephp/src/Collection/Iterator/MapReduce.php(132): Cake\Collection\Iterator\MapReduce->_execute()
#3 [internal function]: Cake\Collection\Iterator\MapReduce->getIterator()
#4 /home/luis/development/php/malocas/vendor/cakephp/cakephp/src/Collection/Collection.php(49): IteratorIterator->__construct(Object(Cake\Collection\Iterator\MapReduce))
#5 /home/luis/development/php/malocas/vendor/cakephp/cakephp/src/Collection/CollectionTrait.php(486): Cake\Collection\Collection->__construct(Object(Cake\Collection\Iterator\MapReduce))
#6 /home/luis/development/php/malocas/vendor/cakephp/cakephp/src/ORM/Table.php(1475): Cake\ORM\ResultSet->combine('id', Object(Closure), NULL)
#7 /home/luis/development/php/malocas/vendor/cakephp/cakephp/src/Datasource/QueryTrait.php(570): Cake\ORM\Table->Cake\ORM\{closure}(Object(Cake\ORM\ResultSet))
#8 /home/luis/development/php/malocas/vendor/cakephp/cakephp/src/ORM/Query.php(1405): Cake\ORM\Query->_applyDecorators(Object(Cake\ORM\ResultSet))
#9 /home/luis/development/php/malocas/vendor/cakephp/cakephp/src/Datasource/QueryTrait.php(309): Cake\ORM\Query->_decorateResults(Object(Cake\ORM\ResultSet))
#10 /home/luis/development/php/malocas/vendor/cakephp/cakephp/src/ORM/Query.php(1074): Cake\ORM\Query->_all()
#11 /home/luis/development/php/malocas/vendor/cakephp/cakephp/src/Datasource/QueryTrait.php(149): Cake\ORM\Query->all()
#12 [internal function]: Cake\ORM\Query->getIterator()
#13 /home/luis/development/php/malocas/vendor/cakephp/cakephp/src/View/Widget/SelectBoxWidget.php(149): iterator_to_array(Object(Cake\ORM\Query))
#14 /home/luis/development/php/malocas/vendor/cakephp/cakephp/src/View/Widget/SelectBoxWidget.php(116): Cake\View\Widget\SelectBoxWidget->_renderContent(Array)
#15 /home/luis/development/php/malocas/vendor/cakephp/cakephp/src/View/Helper/FormHelper.php(2846): Cake\View\Widget\SelectBoxWidget->render(Array, Object(Cake\View\Form\EntityContext))
#16 /home/luis/development/php/malocas/vendor/cakephp/cakephp/src/View/Helper/FormHelper.php(2144): Cake\View\Helper\FormHelper->widget('select', Array)
#17 /home/luis/development/php/malocas/vendor/cakephp/cakephp/src/View/Helper/FormHelper.php(1312): Cake\View\Helper\FormHelper->select('shifts._ids', Object(Cake\ORM\Query), Array)
#18 /home/luis/development/php/malocas/vendor/cakephp/cakephp/src/View/Helper/FormHelper.php(1205): Cake\View\Helper\FormHelper->_getInput('shifts._ids', Array)
#19 /home/luis/development/php/malocas/src/Template/Employees/edit.ctp(31): Cake\View\Helper\FormHelper->control('shifts._ids', Array)
#20 /home/luis/development/php/malocas/vendor/cakephp/cakephp/src/View/View.php(1240): include('/home/luis/deve...')
#21 /home/luis/development/php/malocas/vendor/cakephp/cakephp/src/View/View.php(1201): Cake\View\View->_evaluate('/home/luis/deve...', Array)
#22 /home/luis/development/php/malocas/vendor/cakephp/cakephp/src/View/View.php(803): Cake\View\View->_render('/home/luis/deve...')
#23 /home/luis/development/php/malocas/vendor/cakephp/cakephp/src/Controller/Controller.php(790): Cake\View\View->render(NULL, NULL)
#24 /home/luis/development/php/malocas/vendor/cakephp/cakephp/src/Http/ActionDispatcher.php(126): Cake\Controller\Controller->render()
#25 /home/luis/development/php/malocas/vendor/cakephp/cakephp/src/Http/ActionDispatcher.php(94): Cake\Http\ActionDispatcher->_invoke(Object(App\Controller\EmployeesController))
#26 /home/luis/development/php/malocas/vendor/cakephp/cakephp/src/Http/BaseApplication.php(235): Cake\Http\ActionDispatcher->dispatch(Object(Cake\Http\ServerRequest), Object(Cake\Http\Response))
#27 /home/luis/development/php/malocas/vendor/cakephp/cakephp/src/Http/Runner.php(65): Cake\Http\BaseApplication->__invoke(Object(Cake\Http\ServerRequest), Object(Cake\Http\Response), Object(Cake\Http\Runner))
#28 /home/luis/development/php/malocas/vendor/cakephp/cakephp/src/Http/Middleware/CsrfProtectionMiddleware.php(107): Cake\Http\Runner->__invoke(Object(Cake\Http\ServerRequest), Object(Cake\Http\Response))
#29 /home/luis/development/php/malocas/vendor/cakephp/cakephp/src/Http/Runner.php(65): Cake\Http\Middleware\CsrfProtectionMiddleware->__invoke(Object(Cake\Http\ServerRequest), Object(Cake\Http\Response), Object(Cake\Http\Runner))
#30 /home/luis/development/php/malocas/vendor/cakephp/cakephp/src/Routing/Middleware/RoutingMiddleware.php(156): Cake\Http\Runner->__invoke(Object(Cake\Http\ServerRequest), Object(Cake\Http\Response))
#31 /home/luis/development/php/malocas/vendor/cakephp/cakephp/src/Http/Runner.php(65): Cake\Routing\Middleware\RoutingMiddleware->__invoke(Object(Cake\Http\ServerRequest), Object(Cake\Http\Response), Object(Cake\Http\Runner))
#32 /home/luis/development/php/malocas/vendor/cakephp/cakephp/src/Routing/Middleware/AssetMiddleware.php(88): Cake\Http\Runner->__invoke(Object(Cake\Http\ServerRequest), Object(Cake\Http\Response))
#33 /home/luis/development/php/malocas/vendor/cakephp/cakephp/src/Http/Runner.php(65): Cake\Routing\Middleware\AssetMiddleware->__invoke(Object(Cake\Http\ServerRequest), Object(Cake\Http\Response), Object(Cake\Http\Runner))
#34 /home/luis/development/php/malocas/vendor/cakephp/cakephp/src/Error/Middleware/ErrorHandlerMiddleware.php(98): Cake\Http\Runner->__invoke(Object(Cake\Http\ServerRequest), Object(Cake\Http\Response))
#35 /home/luis/development/php/malocas/vendor/cakephp/cakephp/src/Http/Runner.php(65): Cake\Error\Middleware\ErrorHandlerMiddleware->__invoke(Object(Cake\Http\ServerRequest), Object(Cake\Http\Response), Object(Cake\Http\Runner))
#36 /home/luis/development/php/malocas/vendor/cakephp/cakephp/src/Http/Runner.php(51): Cake\Http\Runner->__invoke(Object(Cake\Http\ServerRequest), Object(Cake\Http\Response))
#37 /home/luis/development/php/malocas/vendor/cakephp/cakephp/src/Http/Server.php(98): Cake\Http\Runner->run(Object(Cake\Http\MiddlewareQueue), Object(Cake\Http\ServerRequest), Object(Cake\Http\Response))
#38 /home/luis/development/php/malocas/webroot/index.php(40): Cake\Http\Server->run()
#39 {main}


2018-11-09 19:50:37 Warning: DebugKit is disabling itself as your host `malocas.co` is not in the known safe list of top-level-domains (localhost, dev, invalid, test, example, local). If you would like to force DebugKit on use the `DebugKit.forceEnable` Configure option.
2018-11-09 19:50:48 Warning: DebugKit is disabling itself as your host `malocas.co` is not in the known safe list of top-level-domains (localhost, dev, invalid, test, example, local). If you would like to force DebugKit on use the `DebugKit.forceEnable` Configure option.
2018-11-09 19:50:48 Warning: DebugKit is disabling itself as your host `malocas.co` is not in the known safe list of top-level-domains (localhost, dev, invalid, test, example, local). If you would like to force DebugKit on use the `DebugKit.forceEnable` Configure option.
2018-11-09 19:50:56 Warning: DebugKit is disabling itself as your host `malocas.co` is not in the known safe list of top-level-domains (localhost, dev, invalid, test, example, local). If you would like to force DebugKit on use the `DebugKit.forceEnable` Configure option.
2018-11-09 19:51:48 Warning: DebugKit is disabling itself as your host `malocas.co` is not in the known safe list of top-level-domains (localhost, dev, invalid, test, example, local). If you would like to force DebugKit on use the `DebugKit.forceEnable` Configure option.
2018-11-09 19:52:22 Warning: DebugKit is disabling itself as your host `malocas.co` is not in the known safe list of top-level-domains (localhost, dev, invalid, test, example, local). If you would like to force DebugKit on use the `DebugKit.forceEnable` Configure option.
2018-11-09 19:52:26 Warning: DebugKit is disabling itself as your host `malocas.co` is not in the known safe list of top-level-domains (localhost, dev, invalid, test, example, local). If you would like to force DebugKit on use the `DebugKit.forceEnable` Configure option.
2018-11-09 19:53:19 Warning: DebugKit is disabling itself as your host `malocas.co` is not in the known safe list of top-level-domains (localhost, dev, invalid, test, example, local). If you would like to force DebugKit on use the `DebugKit.forceEnable` Configure option.
2018-11-09 19:53:20 Warning: DebugKit is disabling itself as your host `malocas.co` is not in the known safe list of top-level-domains (localhost, dev, invalid, test, example, local). If you would like to force DebugKit on use the `DebugKit.forceEnable` Configure option.
2018-11-09 19:53:27 Warning: DebugKit is disabling itself as your host `malocas.co` is not in the known safe list of top-level-domains (localhost, dev, invalid, test, example, local). If you would like to force DebugKit on use the `DebugKit.forceEnable` Configure option.
2018-11-09 19:53:46 Warning: DebugKit is disabling itself as your host `malocas.co` is not in the known safe list of top-level-domains (localhost, dev, invalid, test, example, local). If you would like to force DebugKit on use the `DebugKit.forceEnable` Configure option.
2018-11-09 19:53:47 Warning: DebugKit is disabling itself as your host `malocas.co` is not in the known safe list of top-level-domains (localhost, dev, invalid, test, example, local). If you would like to force DebugKit on use the `DebugKit.forceEnable` Configure option.
2018-11-09 19:54:33 Warning: DebugKit is disabling itself as your host `malocas.co` is not in the known safe list of top-level-domains (localhost, dev, invalid, test, example, local). If you would like to force DebugKit on use the `DebugKit.forceEnable` Configure option.
2018-11-09 19:54:41 Warning: DebugKit is disabling itself as your host `malocas.co` is not in the known safe list of top-level-domains (localhost, dev, invalid, test, example, local). If you would like to force DebugKit on use the `DebugKit.forceEnable` Configure option.
2018-11-09 19:55:04 Warning: DebugKit is disabling itself as your host `malocas.co` is not in the known safe list of top-level-domains (localhost, dev, invalid, test, example, local). If you would like to force DebugKit on use the `DebugKit.forceEnable` Configure option.
2018-11-09 19:55:04 Error: [Cake\Routing\Exception\MissingControllerException] Controller class Employeesshifts could not be found.
Exception Attributes: array (
  'class' => 'Employeesshifts',
  'plugin' => false,
  'prefix' => false,
  '_ext' => false,
)
Request URL: /employeesshifts/
Stack Trace:
#0 /home/luis/development/php/malocas/vendor/cakephp/cakephp/src/Http/ControllerFactory.php(39): Cake\Http\ControllerFactory->missingController(Object(Cake\Http\ServerRequest))
#1 /home/luis/development/php/malocas/vendor/cakephp/cakephp/src/Http/ActionDispatcher.php(91): Cake\Http\ControllerFactory->create(Object(Cake\Http\ServerRequest), Object(Cake\Http\Response))
#2 /home/luis/development/php/malocas/vendor/cakephp/cakephp/src/Http/BaseApplication.php(235): Cake\Http\ActionDispatcher->dispatch(Object(Cake\Http\ServerRequest), Object(Cake\Http\Response))
#3 /home/luis/development/php/malocas/vendor/cakephp/cakephp/src/Http/Runner.php(65): Cake\Http\BaseApplication->__invoke(Object(Cake\Http\ServerRequest), Object(Cake\Http\Response), Object(Cake\Http\Runner))
#4 /home/luis/development/php/malocas/vendor/cakephp/cakephp/src/Http/Middleware/CsrfProtectionMiddleware.php(107): Cake\Http\Runner->__invoke(Object(Cake\Http\ServerRequest), Object(Cake\Http\Response))
#5 /home/luis/development/php/malocas/vendor/cakephp/cakephp/src/Http/Runner.php(65): Cake\Http\Middleware\CsrfProtectionMiddleware->__invoke(Object(Cake\Http\ServerRequest), Object(Cake\Http\Response), Object(Cake\Http\Runner))
#6 /home/luis/development/php/malocas/vendor/cakephp/cakephp/src/Routing/Middleware/RoutingMiddleware.php(156): Cake\Http\Runner->__invoke(Object(Cake\Http\ServerRequest), Object(Cake\Http\Response))
#7 /home/luis/development/php/malocas/vendor/cakephp/cakephp/src/Http/Runner.php(65): Cake\Routing\Middleware\RoutingMiddleware->__invoke(Object(Cake\Http\ServerRequest), Object(Cake\Http\Response), Object(Cake\Http\Runner))
#8 /home/luis/development/php/malocas/vendor/cakephp/cakephp/src/Routing/Middleware/AssetMiddleware.php(88): Cake\Http\Runner->__invoke(Object(Cake\Http\ServerRequest), Object(Cake\Http\Response))
#9 /home/luis/development/php/malocas/vendor/cakephp/cakephp/src/Http/Runner.php(65): Cake\Routing\Middleware\AssetMiddleware->__invoke(Object(Cake\Http\ServerRequest), Object(Cake\Http\Response), Object(Cake\Http\Runner))
#10 /home/luis/development/php/malocas/vendor/cakephp/cakephp/src/Error/Middleware/ErrorHandlerMiddleware.php(98): Cake\Http\Runner->__invoke(Object(Cake\Http\ServerRequest), Object(Cake\Http\Response))
#11 /home/luis/development/php/malocas/vendor/cakephp/cakephp/src/Http/Runner.php(65): Cake\Error\Middleware\ErrorHandlerMiddleware->__invoke(Object(Cake\Http\ServerRequest), Object(Cake\Http\Response), Object(Cake\Http\Runner))
#12 /home/luis/development/php/malocas/vendor/cakephp/cakephp/src/Http/Runner.php(51): Cake\Http\Runner->__invoke(Object(Cake\Http\ServerRequest), Object(Cake\Http\Response))
#13 /home/luis/development/php/malocas/vendor/cakephp/cakephp/src/Http/Server.php(98): Cake\Http\Runner->run(Object(Cake\Http\MiddlewareQueue), Object(Cake\Http\ServerRequest), Object(Cake\Http\Response))
#14 /home/luis/development/php/malocas/webroot/index.php(40): Cake\Http\Server->run()
#15 {main}


2018-11-09 19:55:09 Warning: DebugKit is disabling itself as your host `malocas.co` is not in the known safe list of top-level-domains (localhost, dev, invalid, test, example, local). If you would like to force DebugKit on use the `DebugKit.forceEnable` Configure option.
2018-11-09 19:55:09 Error: [Cake\Routing\Exception\MissingControllerException] Controller class Employees_shifts could not be found.
Exception Attributes: array (
  'class' => 'Employees_shifts',
  'plugin' => false,
  'prefix' => false,
  '_ext' => false,
)
Request URL: /employees_shifts/
Stack Trace:
#0 /home/luis/development/php/malocas/vendor/cakephp/cakephp/src/Http/ControllerFactory.php(39): Cake\Http\ControllerFactory->missingController(Object(Cake\Http\ServerRequest))
#1 /home/luis/development/php/malocas/vendor/cakephp/cakephp/src/Http/ActionDispatcher.php(91): Cake\Http\ControllerFactory->create(Object(Cake\Http\ServerRequest), Object(Cake\Http\Response))
#2 /home/luis/development/php/malocas/vendor/cakephp/cakephp/src/Http/BaseApplication.php(235): Cake\Http\ActionDispatcher->dispatch(Object(Cake\Http\ServerRequest), Object(Cake\Http\Response))
#3 /home/luis/development/php/malocas/vendor/cakephp/cakephp/src/Http/Runner.php(65): Cake\Http\BaseApplication->__invoke(Object(Cake\Http\ServerRequest), Object(Cake\Http\Response), Object(Cake\Http\Runner))
#4 /home/luis/development/php/malocas/vendor/cakephp/cakephp/src/Http/Middleware/CsrfProtectionMiddleware.php(107): Cake\Http\Runner->__invoke(Object(Cake\Http\ServerRequest), Object(Cake\Http\Response))
#5 /home/luis/development/php/malocas/vendor/cakephp/cakephp/src/Http/Runner.php(65): Cake\Http\Middleware\CsrfProtectionMiddleware->__invoke(Object(Cake\Http\ServerRequest), Object(Cake\Http\Response), Object(Cake\Http\Runner))
#6 /home/luis/development/php/malocas/vendor/cakephp/cakephp/src/Routing/Middleware/RoutingMiddleware.php(156): Cake\Http\Runner->__invoke(Object(Cake\Http\ServerRequest), Object(Cake\Http\Response))
#7 /home/luis/development/php/malocas/vendor/cakephp/cakephp/src/Http/Runner.php(65): Cake\Routing\Middleware\RoutingMiddleware->__invoke(Object(Cake\Http\ServerRequest), Object(Cake\Http\Response), Object(Cake\Http\Runner))
#8 /home/luis/development/php/malocas/vendor/cakephp/cakephp/src/Routing/Middleware/AssetMiddleware.php(88): Cake\Http\Runner->__invoke(Object(Cake\Http\ServerRequest), Object(Cake\Http\Response))
#9 /home/luis/development/php/malocas/vendor/cakephp/cakephp/src/Http/Runner.php(65): Cake\Routing\Middleware\AssetMiddleware->__invoke(Object(Cake\Http\ServerRequest), Object(Cake\Http\Response), Object(Cake\Http\Runner))
#10 /home/luis/development/php/malocas/vendor/cakephp/cakephp/src/Error/Middleware/ErrorHandlerMiddleware.php(98): Cake\Http\Runner->__invoke(Object(Cake\Http\ServerRequest), Object(Cake\Http\Response))
#11 /home/luis/development/php/malocas/vendor/cakephp/cakephp/src/Http/Runner.php(65): Cake\Error\Middleware\ErrorHandlerMiddleware->__invoke(Object(Cake\Http\ServerRequest), Object(Cake\Http\Response), Object(Cake\Http\Runner))
#12 /home/luis/development/php/malocas/vendor/cakephp/cakephp/src/Http/Runner.php(51): Cake\Http\Runner->__invoke(Object(Cake\Http\ServerRequest), Object(Cake\Http\Response))
#13 /home/luis/development/php/malocas/vendor/cakephp/cakephp/src/Http/Server.php(98): Cake\Http\Runner->run(Object(Cake\Http\MiddlewareQueue), Object(Cake\Http\ServerRequest), Object(Cake\Http\Response))
#14 /home/luis/development/php/malocas/webroot/index.php(40): Cake\Http\Server->run()
#15 {main}


2018-11-09 19:55:16 Warning: DebugKit is disabling itself as your host `malocas.co` is not in the known safe list of top-level-domains (localhost, dev, invalid, test, example, local). If you would like to force DebugKit on use the `DebugKit.forceEnable` Configure option.
2018-11-09 19:55:23 Warning: DebugKit is disabling itself as your host `malocas.co` is not in the known safe list of top-level-domains (localhost, dev, invalid, test, example, local). If you would like to force DebugKit on use the `DebugKit.forceEnable` Configure option.
2018-11-09 19:57:02 Warning: DebugKit is disabling itself as your host `malocas.co` is not in the known safe list of top-level-domains (localhost, dev, invalid, test, example, local). If you would like to force DebugKit on use the `DebugKit.forceEnable` Configure option.
2018-11-09 19:57:06 Warning: DebugKit is disabling itself as your host `malocas.co` is not in the known safe list of top-level-domains (localhost, dev, invalid, test, example, local). If you would like to force DebugKit on use the `DebugKit.forceEnable` Configure option.
2018-11-09 19:57:21 Warning: DebugKit is disabling itself as your host `malocas.co` is not in the known safe list of top-level-domains (localhost, dev, invalid, test, example, local). If you would like to force DebugKit on use the `DebugKit.forceEnable` Configure option.
2018-11-09 19:57:26 Warning: DebugKit is disabling itself as your host `malocas.co` is not in the known safe list of top-level-domains (localhost, dev, invalid, test, example, local). If you would like to force DebugKit on use the `DebugKit.forceEnable` Configure option.
2018-11-09 20:00:13 Warning: DebugKit is disabling itself as your host `malocas.co` is not in the known safe list of top-level-domains (localhost, dev, invalid, test, example, local). If you would like to force DebugKit on use the `DebugKit.forceEnable` Configure option.
2018-11-09 20:00:36 Warning: DebugKit is disabling itself as your host `malocas.co` is not in the known safe list of top-level-domains (localhost, dev, invalid, test, example, local). If you would like to force DebugKit on use the `DebugKit.forceEnable` Configure option.
2018-11-09 20:00:39 Warning: DebugKit is disabling itself as your host `malocas.co` is not in the known safe list of top-level-domains (localhost, dev, invalid, test, example, local). If you would like to force DebugKit on use the `DebugKit.forceEnable` Configure option.
2018-11-09 20:00:43 Warning: DebugKit is disabling itself as your host `malocas.co` is not in the known safe list of top-level-domains (localhost, dev, invalid, test, example, local). If you would like to force DebugKit on use the `DebugKit.forceEnable` Configure option.
2018-11-09 20:00:45 Warning: DebugKit is disabling itself as your host `malocas.co` is not in the known safe list of top-level-domains (localhost, dev, invalid, test, example, local). If you would like to force DebugKit on use the `DebugKit.forceEnable` Configure option.
2018-11-09 20:00:47 Warning: DebugKit is disabling itself as your host `malocas.co` is not in the known safe list of top-level-domains (localhost, dev, invalid, test, example, local). If you would like to force DebugKit on use the `DebugKit.forceEnable` Configure option.
2018-11-09 20:00:49 Warning: DebugKit is disabling itself as your host `malocas.co` is not in the known safe list of top-level-domains (localhost, dev, invalid, test, example, local). If you would like to force DebugKit on use the `DebugKit.forceEnable` Configure option.
2018-11-09 20:01:09 Warning: DebugKit is disabling itself as your host `malocas.co` is not in the known safe list of top-level-domains (localhost, dev, invalid, test, example, local). If you would like to force DebugKit on use the `DebugKit.forceEnable` Configure option.
2018-11-09 20:01:17 Warning: DebugKit is disabling itself as your host `malocas.co` is not in the known safe list of top-level-domains (localhost, dev, invalid, test, example, local). If you would like to force DebugKit on use the `DebugKit.forceEnable` Configure option.
2018-11-09 20:03:53 Warning: DebugKit is disabling itself as your host `malocas.co` is not in the known safe list of top-level-domains (localhost, dev, invalid, test, example, local). If you would like to force DebugKit on use the `DebugKit.forceEnable` Configure option.
2018-11-09 20:03:59 Warning: DebugKit is disabling itself as your host `malocas.co` is not in the known safe list of top-level-domains (localhost, dev, invalid, test, example, local). If you would like to force DebugKit on use the `DebugKit.forceEnable` Configure option.
2018-11-09 20:05:25 Warning: DebugKit is disabling itself as your host `malocas.co` is not in the known safe list of top-level-domains (localhost, dev, invalid, test, example, local). If you would like to force DebugKit on use the `DebugKit.forceEnable` Configure option.
2018-11-09 20:06:02 Warning: DebugKit is disabling itself as your host `malocas.co` is not in the known safe list of top-level-domains (localhost, dev, invalid, test, example, local). If you would like to force DebugKit on use the `DebugKit.forceEnable` Configure option.
2018-11-09 20:06:07 Warning: DebugKit is disabling itself as your host `malocas.co` is not in the known safe list of top-level-domains (localhost, dev, invalid, test, example, local). If you would like to force DebugKit on use the `DebugKit.forceEnable` Configure option.
2018-11-09 20:06:11 Warning: DebugKit is disabling itself as your host `malocas.co` is not in the known safe list of top-level-domains (localhost, dev, invalid, test, example, local). If you would like to force DebugKit on use the `DebugKit.forceEnable` Configure option.
2018-11-09 20:06:56 Warning: DebugKit is disabling itself as your host `malocas.co` is not in the known safe list of top-level-domains (localhost, dev, invalid, test, example, local). If you would like to force DebugKit on use the `DebugKit.forceEnable` Configure option.
2018-11-09 20:06:56 Warning: DebugKit is disabling itself as your host `malocas.co` is not in the known safe list of top-level-domains (localhost, dev, invalid, test, example, local). If you would like to force DebugKit on use the `DebugKit.forceEnable` Configure option.
2018-11-09 20:08:00 Warning: DebugKit is disabling itself as your host `malocas.co` is not in the known safe list of top-level-domains (localhost, dev, invalid, test, example, local). If you would like to force DebugKit on use the `DebugKit.forceEnable` Configure option.
2018-11-09 20:08:05 Warning: DebugKit is disabling itself as your host `malocas.co` is not in the known safe list of top-level-domains (localhost, dev, invalid, test, example, local). If you would like to force DebugKit on use the `DebugKit.forceEnable` Configure option.
2018-11-09 20:08:07 Warning: DebugKit is disabling itself as your host `malocas.co` is not in the known safe list of top-level-domains (localhost, dev, invalid, test, example, local). If you would like to force DebugKit on use the `DebugKit.forceEnable` Configure option.
2018-11-09 20:08:12 Warning: DebugKit is disabling itself as your host `malocas.co` is not in the known safe list of top-level-domains (localhost, dev, invalid, test, example, local). If you would like to force DebugKit on use the `DebugKit.forceEnable` Configure option.
2018-11-09 20:08:32 Warning: DebugKit is disabling itself as your host `malocas.co` is not in the known safe list of top-level-domains (localhost, dev, invalid, test, example, local). If you would like to force DebugKit on use the `DebugKit.forceEnable` Configure option.
2018-11-09 20:08:41 Warning: DebugKit is disabling itself as your host `malocas.co` is not in the known safe list of top-level-domains (localhost, dev, invalid, test, example, local). If you would like to force DebugKit on use the `DebugKit.forceEnable` Configure option.
2018-11-09 20:08:48 Warning: DebugKit is disabling itself as your host `malocas.co` is not in the known safe list of top-level-domains (localhost, dev, invalid, test, example, local). If you would like to force DebugKit on use the `DebugKit.forceEnable` Configure option.
2018-11-09 20:08:48 Warning: DebugKit is disabling itself as your host `malocas.co` is not in the known safe list of top-level-domains (localhost, dev, invalid, test, example, local). If you would like to force DebugKit on use the `DebugKit.forceEnable` Configure option.
2018-11-09 20:12:07 Warning: DebugKit is disabling itself as your host `malocas.co` is not in the known safe list of top-level-domains (localhost, dev, invalid, test, example, local). If you would like to force DebugKit on use the `DebugKit.forceEnable` Configure option.
2018-11-09 20:12:27 Warning: DebugKit is disabling itself as your host `malocas.co` is not in the known safe list of top-level-domains (localhost, dev, invalid, test, example, local). If you would like to force DebugKit on use the `DebugKit.forceEnable` Configure option.
